#
# There is insufficient memory for the Java Runtime Environment to continue.
# Native memory allocation (mmap) failed to map 268435456 bytes for Failed to commit area from 0x0000000701e00000 to 0x0000000711e00000 of length 268435456.
# Possible reasons:
#   The system is out of physical RAM or swap space
#   The process is running with CompressedOops enabled, and the Java Heap may be blocking the growth of the native heap
# Possible solutions:
#   Reduce memory load on the system
#   Increase physical memory or swap space
#   Check if swap backing store is full
#   Decrease Java heap size (-Xmx/-Xms)
#   Decrease number of Java threads
#   Decrease Java thread stack sizes (-Xss)
#   Set larger code cache with -XX:ReservedCodeCacheSize=
# This output file may be truncated or incomplete.
#
#  Out of Memory Error (./src/hotspot/os/windows/os_windows.cpp:3301), pid=8476, tid=1232
#
# JRE version:  (11.0.10) (build )
# Java VM: OpenJDK 64-Bit Server VM (11.0.10+0-b96-7249189, mixed mode, sharing, tiered, compressed oops, g1 gc, windows-amd64)
# No core dump will be written. Minidumps are not enabled by default on client versions of Windows
#

---------------  S U M M A R Y ------------

Command Line: 

Host: Intel(R) Core(TM) i7-8565U CPU @ 1.80GHz, 8 cores, 15G,  Windows 10 , 64 bit Build 19041 (10.0.19041.1202)
Time: Tue Sep 21 01:57:03 2021 Egypt Standard Time elapsed time: 0.006689 seconds (0d 0h 0m 0s)

---------------  T H R E A D  ---------------

Current thread (0x000001cb14338000):  JavaThread "Unknown thread" [_thread_in_vm, id=1232, stack(0x000000b429a00000,0x000000b429b00000)]

Stack: [0x000000b429a00000,0x000000b429b00000]
Native frames: (J=compiled Java code, j=interpreted, Vv=VM code, C=native code)
V  [jvm.dll+0x5ecfaa]
V  [jvm.dll+0x722bd5]
V  [jvm.dll+0x72412d]
V  [jvm.dll+0x7247e3]
V  [jvm.dll+0x242928]
V  [jvm.dll+0x5ea374]
V  [jvm.dll+0x5df425]
V  [jvm.dll+0x2fdebb]
V  [jvm.dll+0x2fde2a]
V  [jvm.dll+0x2fdd02]
V  [jvm.dll+0x302bf6]
V  [jvm.dll+0x34b2a3]
V  [jvm.dll+0x34b9a6]
V  [jvm.dll+0x34b3a3]
V  [jvm.dll+0x2d8888]
V  [jvm.dll+0x2d9a37]
V  [jvm.dll+0x701737]
V  [jvm.dll+0x702f2c]
V  [jvm.dll+0x3587d9]
V  [jvm.dll+0x6e4fae]
V  [jvm.dll+0x3c0be3]
V  [jvm.dll+0x3c2e91]
C  [jli.dll+0x5373]
C  [ucrtbase.dll+0x21bb2]
C  [KERNEL32.DLL+0x17034]
C  [ntdll.dll+0x52651]


---------------  P R O C E S S  ---------------

Threads class SMR info:
_java_thread_list=0x000001cb14131230, length=0, elements={
}

Java Threads: ( => current thread )

Other Threads:
  0x000001cb14350000 GCTaskThread "GC Thread#0" [stack: 0x000000b429b00000,0x000000b429c00000] [id=4264]
  0x000001cb143ac000 ConcurrentGCThread "G1 Main Marker" [stack: 0x000000b429c00000,0x000000b429d00000] [id=584]
  0x000001cb143ad000 ConcurrentGCThread "G1 Conc#0" [stack: 0x000000b429d00000,0x000000b429e00000] [id=3108]

[error occurred during error reporting (printing all threads), id 0xc0000005, EXCEPTION_ACCESS_VIOLATION (0xc0000005) at pc=0x00007ffe76a59107]

VM state:not at safepoint (not fully initialized)

VM Mutex/Monitor currently owned by a thread:  ([mutex/lock_event])
[0x000001cb14335140] Heap_lock - owner thread: 0x000001cb14338000

Heap address: 0x0000000701e00000, size: 4066 MB, Compressed Oops mode: Non-zero based: 0x0000000701e00000
Narrow klass base: 0x0000000000000000, Narrow klass shift: 0

GC Heap History (0 events):
No events

Deoptimization events (0 events):
No events

Classes redefined (0 events):
No events

Internal exceptions (0 events):
No events

Events (1 events):
Event: 0.004 Loaded shared library C:\Program Files\Android\Android Studio1\jre\bin\zip.dll


Dynamic libraries:
0x00007ff758540000 - 0x00007ff75854a000 	C:\Program Files\Android\Android Studio1\jre\bin\java.EXE
0x00007ffec52d0000 - 0x00007ffec54c5000 	C:\WINDOWS\SYSTEM32\ntdll.dll
0x00007ffec49d0000 - 0x00007ffec4a8e000 	C:\WINDOWS\System32\KERNEL32.DLL
0x00007ffec2cc0000 - 0x00007ffec2f89000 	C:\WINDOWS\System32\KERNELBASE.dll
0x00007ffec3070000 - 0x00007ffec3170000 	C:\WINDOWS\System32\ucrtbase.dll
0x00007ffe90340000 - 0x00007ffe90357000 	C:\Program Files\Android\Android Studio1\jre\bin\VCRUNTIME140.dll
0x00007ffe8f9a0000 - 0x00007ffe8f9b9000 	C:\Program Files\Android\Android Studio1\jre\bin\jli.dll
0x00007ffec3c00000 - 0x00007ffec3da1000 	C:\WINDOWS\System32\USER32.dll
0x00007ffec2c90000 - 0x00007ffec2cb2000 	C:\WINDOWS\System32\win32u.dll
0x00007ffeaa320000 - 0x00007ffeaa5ba000 	C:\WINDOWS\WinSxS\amd64_microsoft.windows.common-controls_6595b64144ccf1df_6.0.19041.1110_none_60b5254171f9507e\COMCTL32.dll
0x00007ffec3e10000 - 0x00007ffec3e3b000 	C:\WINDOWS\System32\GDI32.dll
0x00007ffec4930000 - 0x00007ffec49ce000 	C:\WINDOWS\System32\msvcrt.dll
0x00007ffec2a50000 - 0x00007ffec2b5b000 	C:\WINDOWS\System32\gdi32full.dll
0x00007ffec2bf0000 - 0x00007ffec2c8d000 	C:\WINDOWS\System32\msvcp_win.dll
0x00007ffec3a00000 - 0x00007ffec3a30000 	C:\WINDOWS\System32\IMM32.DLL
0x00007ffe8ff30000 - 0x00007ffe8ffcd000 	C:\Program Files\Android\Android Studio1\jre\bin\msvcp140.dll
0x00007ffe76770000 - 0x00007ffe7723f000 	C:\Program Files\Android\Android Studio1\jre\bin\server\jvm.dll
0x00007ffec51e0000 - 0x00007ffec528c000 	C:\WINDOWS\System32\ADVAPI32.dll
0x00007ffec4b00000 - 0x00007ffec4b9b000 	C:\WINDOWS\System32\sechost.dll
0x00007ffec3fe0000 - 0x00007ffec410a000 	C:\WINDOWS\System32\RPCRT4.dll
0x00007ffec3b60000 - 0x00007ffec3b68000 	C:\WINDOWS\System32\PSAPI.DLL
0x00007ffeaee70000 - 0x00007ffeaee79000 	C:\WINDOWS\SYSTEM32\WSOCK32.dll
0x00007ffebdcc0000 - 0x00007ffebdce7000 	C:\WINDOWS\SYSTEM32\WINMM.dll
0x00007ffec4a90000 - 0x00007ffec4afb000 	C:\WINDOWS\System32\WS2_32.dll
0x00007ffec0840000 - 0x00007ffec084a000 	C:\WINDOWS\SYSTEM32\VERSION.dll
0x00007ffec1580000 - 0x00007ffec1592000 	C:\WINDOWS\SYSTEM32\kernel.appcore.dll
0x00007ffe90320000 - 0x00007ffe90331000 	C:\Program Files\Android\Android Studio1\jre\bin\verify.dll
0x00007ffebfe50000 - 0x00007ffec0034000 	C:\WINDOWS\SYSTEM32\DBGHELP.DLL
0x00007ffebdc90000 - 0x00007ffebdcbc000 	C:\WINDOWS\SYSTEM32\dbgcore.DLL
0x00007ffec2b60000 - 0x00007ffec2be3000 	C:\WINDOWS\System32\bcryptPrimitives.dll
0x00007ffe902f0000 - 0x00007ffe90319000 	C:\Program Files\Android\Android Studio1\jre\bin\java.dll
0x00007ffea0440000 - 0x00007ffea044b000 	C:\Program Files\Android\Android Studio1\jre\bin\jimage.dll
0x00007ffe902d0000 - 0x00007ffe902e8000 	C:\Program Files\Android\Android Studio1\jre\bin\zip.dll

dbghelp: loaded successfully - version: 4.0.5 - missing functions: none
symbol engine: initialized successfully - sym options: 0x614 - pdb path: .;C:\Program Files\Android\Android Studio1\jre\bin;C:\WINDOWS\SYSTEM32;C:\WINDOWS\WinSxS\amd64_microsoft.windows.common-controls_6595b64144ccf1df_6.0.19041.1110_none_60b5254171f9507e;C:\Program Files\Android\Android Studio1\jre\bin\server

VM Arguments:
java_command: <unknown>
java_class_path (initial): <not set>
Launcher Type: SUN_STANDARD

[Global flags]
     intx CICompilerCount                          = 4                                         {product} {ergonomic}
     uint ConcGCThreads                            = 2                                         {product} {ergonomic}
     uint G1ConcRefinementThreads                  = 8                                         {product} {ergonomic}
   size_t G1HeapRegionSize                         = 1048576                                   {product} {ergonomic}
    uintx GCDrainStackTargetSize                   = 64                                        {product} {ergonomic}
   size_t InitialHeapSize                          = 268435456                                 {product} {ergonomic}
   size_t MarkStackSize                            = 4194304                                   {product} {ergonomic}
   size_t MaxHeapSize                              = 4263510016                                {product} {ergonomic}
   size_t MinHeapDeltaBytes                        = 1048576                                   {product} {ergonomic}
    uintx NonNMethodCodeHeapSize                   = 5836300                                {pd product} {ergonomic}
    uintx NonProfiledCodeHeapSize                  = 122910970                              {pd product} {ergonomic}
    uintx ProfiledCodeHeapSize                     = 122910970                              {pd product} {ergonomic}
    uintx ReservedCodeCacheSize                    = 251658240                              {pd product} {ergonomic}
     bool SegmentedCodeCache                       = true                                      {product} {ergonomic}
     bool UseCompressedClassPointers               = true                                 {lp64_product} {ergonomic}
     bool UseCompressedOops                        = true                                 {lp64_product} {ergonomic}
     bool UseG1GC                                  = true                                      {product} {ergonomic}
     bool UseLargePagesIndividualAllocation        = false                                  {pd product} {ergonomic}

Logging:
Log output configuration:
 #0: stdout all=warning uptime,level,tags
 #1: stderr all=off uptime,level,tags

Environment Variables:
JAVA_HOME=C:\Program Files\Java\jdk1.8.0_301
PATH=C:\Program Files (x86)\Common Files\Oracle\Java\javapath;C:\WINDOWS\system32;C:\WINDOWS;C:\WINDOWS\System32\Wbem;C:\WINDOWS\System32\WindowsPowerShell\v1.0\;C:\WINDOWS\System32\OpenSSH\;C:\Program Files\Dart\dart-sdk\bin;C:\src\flutter\bin;C:\Users\Interface\AppData\Local\Microsoft\WindowsApps;C:\Program Files\Dart\dart-sdk\bin;;C:\src\flutter\bin\mingit\cmd
USERNAME=Interface
OS=Windows_NT
PROCESSOR_IDENTIFIER=Intel64 Family 6 Model 142 Stepping 12, GenuineIntel



---------------  S Y S T E M  ---------------

OS: Windows 10 , 64 bit Build 19041 (10.0.19041.1202)
OS uptime: 0 days 0:23 hours

CPU:total 8 (initial active 8) (4 cores per cpu, 2 threads per core) family 6 model 142 stepping 12 microcode 0xb8, cmov, cx8, fxsr, mmx, sse, sse2, sse3, ssse3, sse4.1, sse4.2, popcnt, avx, avx2, aes, clmul, erms, 3dnowpref, lzcnt, ht, tsc, tscinvbit, bmi1, bmi2, adx, fma

Memory: 4k page, system-wide physical 16256M (650M free)
TotalPageFile size 34836M (AvailPageFile size 37M)
current process WorkingSet (physical memory assigned to process): 9M, peak: 9M
current process commit charge ("private bytes"): 60M, peak: 316M

vm_info: OpenJDK 64-Bit Server VM (11.0.10+0-b96-7249189) for windows-amd64 JRE (11.0.10+0-b96-7249189), built on Mar 31 2021 21:44:00 by "builder" with MS VC++ 14.0 (VS2015)

END.
