#
# There is insufficient memory for the Java Runtime Environment to continue.
# Native memory allocation (malloc) failed to allocate 9104 bytes for AllocateHeap
# Possible reasons:
#   The system is out of physical RAM or swap space
#   The process is running with CompressedOops enabled, and the Java Heap may be blocking the growth of the native heap
# Possible solutions:
#   Reduce memory load on the system
#   Increase physical memory or swap space
#   Check if swap backing store is full
#   Decrease Java heap size (-Xmx/-Xms)
#   Decrease number of Java threads
#   Decrease Java thread stack sizes (-Xss)
#   Set larger code cache with -XX:ReservedCodeCacheSize=
#   JVM is running with Zero Based Compressed Oops mode in which the Java heap is
#     placed in the first 32GB address space. The Java Heap base address is the
#     maximum limit for the native heap growth. Please use -XX:HeapBaseMinAddress
#     to set the Java Heap base and to place the Java Heap above 32GB virtual address.
# This output file may be truncated or incomplete.
#
#  Out of Memory Error (./src/hotspot/share/memory/allocation.cpp:46), pid=4784, tid=16752
#
# JRE version: OpenJDK Runtime Environment (11.0.10) (build 11.0.10+0-b96-7249189)
# Java VM: OpenJDK 64-Bit Server VM (11.0.10+0-b96-7249189, mixed mode, tiered, compressed oops, g1 gc, windows-amd64)
# No core dump will be written. Minidumps are not enabled by default on client versions of Windows
#

---------------  S U M M A R Y ------------

Command Line: -Dorg.gradle.appname=gradlew org.gradle.wrapper.GradleWrapperMain -q -Ptarget-platform=android-arm64 -Ptarget=C:\Users\Interface\AndroidStudioProjects\myapp2\lib\main.dart -Pdart-defines=Zmx1dHRlci5pbnNwZWN0b3Iuc3RydWN0dXJlZEVycm9ycz10cnVl,RkxVVFRFUl9XRUJfQVVUT19ERVRFQ1Q9dHJ1ZQ== -Pdart-obfuscation=false -Ptrack-widget-creation=true -Ptree-shake-icons=false -Pfilesystem-scheme=org-dartlang-root assembleDebug

Host: Intel(R) Core(TM) i7-8565U CPU @ 1.80GHz, 8 cores, 15G,  Windows 10 , 64 bit Build 19041 (10.0.19041.1202)
Time: Tue Sep 21 01:44:19 2021 Egypt Standard Time elapsed time: 192.035320 seconds (0d 0h 3m 12s)

---------------  T H R E A D  ---------------

Current thread (0x0000018da8ed3000):  JavaThread "Exec process" [_thread_in_Java, id=16752, stack(0x0000000cef100000,0x0000000cef200000)]

Stack: [0x0000000cef100000,0x0000000cef200000]
[error occurred during error reporting (printing stack bounds), id 0xc0000005, EXCEPTION_ACCESS_VIOLATION (0xc0000005) at pc=0x00007ffe76dcb52a]

Native frames: (J=compiled Java code, j=interpreted, Vv=VM code, C=native code)
V  [jvm.dll+0x5ecfaa]
V  [jvm.dll+0x722bd5]
V  [jvm.dll+0x72412d]
V  [jvm.dll+0x724745]
V  [jvm.dll+0x7246fb]
V  [jvm.dll+0x5ec348]
V  [jvm.dll+0x5ecad8]
C  [ntdll.dll+0xa20cf]
C  [ntdll.dll+0x51454]
C  [ntdll.dll+0xa0bfe]
V  [jvm.dll+0x65b52a]
C  0x0000018d8c2186be

Java frames: (J=compiled Java code, j=interpreted, Vv=VM code)
v  blob 0x0000018d8c237aab
J 1709 c2 java.util.regex.Pattern$$Lambda$8.is(I)Z java.base@11.0.10 (5 bytes) @ 0x0000018d93dddf18 [0x0000018d93dddea0+0x0000000000000078]
J 1655 c1 java.util.regex.Pattern$CharPropertyGreedy.match(Ljava/util/regex/Matcher;ILjava/lang/CharSequence;)Z java.base@11.0.10 (122 bytes) @ 0x0000018d8caba3dc [0x0000018d8caba240+0x000000000000019c]
J 1839 c1 java.util.regex.Pattern$Branch.match(Ljava/util/regex/Matcher;ILjava/lang/CharSequence;)Z java.base@11.0.10 (66 bytes) @ 0x0000018d8cb14a5c [0x0000018d8cb14780+0x00000000000002dc]
j  java.util.regex.Pattern$Start.match(Ljava/util/regex/Matcher;ILjava/lang/CharSequence;)Z+44 java.base@11.0.10
j  java.util.regex.Matcher.search(I)Z+121 java.base@11.0.10
j  java.util.regex.Matcher.find()Z+65 java.base@11.0.10
j  java.util.Scanner.findPatternInBuffer(Ljava/util/regex/Pattern;I)Z+68 java.base@11.0.10
j  java.util.Scanner.findWithinHorizon(Ljava/util/regex/Pattern;I)Ljava/lang/String;+47 java.base@11.0.10
j  java.util.Scanner.nextLine()Ljava/lang/String;+34 java.base@11.0.10
j  org.gradle.launcher.daemon.bootstrap.DaemonOutputConsumer.start()V+64
j  org.gradle.process.internal.DefaultExecHandle$CompositeStreamsHandler.start()V+19
j  org.gradle.process.internal.ExecHandleRunner.run()V+25
j  org.gradle.internal.operations.CurrentBuildOperationPreservingRunnable.run()V+11
j  org.gradle.internal.concurrent.ExecutorPolicy$CatchAndRecordFailures.onExecute(Ljava/lang/Runnable;)V+1
j  org.gradle.internal.concurrent.ManagedExecutorImpl$1.run()V+25
j  java.util.concurrent.ThreadPoolExecutor.runWorker(Ljava/util/concurrent/ThreadPoolExecutor$Worker;)V+92 java.base@11.0.10
j  java.util.concurrent.ThreadPoolExecutor$Worker.run()V+5 java.base@11.0.10
j  org.gradle.internal.concurrent.ThreadFactoryImpl$ManagedThreadRunnable.run()V+7
j  java.lang.Thread.run()V+11 java.base@11.0.10
v  ~StubRoutines::call_stub

---------------  P R O C E S S  ---------------

Threads class SMR info:
_java_thread_list=0x0000018dab7f71e0, length=13, elements={
0x0000018d86f1a800, 0x0000018da87c1000, 0x0000018da87c2000, 0x0000018da8805800,
0x0000018da8807800, 0x0000018da8808800, 0x0000018da880d800, 0x0000018da8850800,
0x0000018da8851800, 0x0000018da89b9000, 0x0000018da97c0000, 0x0000018da8ed3000,
0x0000018da8ed5800
}

Java Threads: ( => current thread )
  0x0000018d86f1a800 JavaThread "main" [_thread_blocked, id=7548, stack(0x0000000cef400000,0x0000000cef500000)]
  0x0000018da87c1000 JavaThread "Reference Handler" daemon [_thread_blocked, id=6972, stack(0x0000000cefb00000,0x0000000cefc00000)]
  0x0000018da87c2000 JavaThread "Finalizer" daemon [_thread_blocked, id=7656, stack(0x0000000cefc00000,0x0000000cefd00000)]
  0x0000018da8805800 JavaThread "Signal Dispatcher" daemon [_thread_blocked, id=1996, stack(0x0000000cefd00000,0x0000000cefe00000)]
  0x0000018da8807800 JavaThread "Attach Listener" daemon [_thread_blocked, id=6348, stack(0x0000000cefe00000,0x0000000ceff00000)]
  0x0000018da8808800 JavaThread "Service Thread" daemon [_thread_blocked, id=8544, stack(0x0000000ceff00000,0x0000000cf0000000)]
  0x0000018da880d800 JavaThread "C2 CompilerThread0" daemon [_thread_blocked, id=2620, stack(0x0000000cf0000000,0x0000000cf0100000)]
  0x0000018da8850800 JavaThread "C1 CompilerThread0" daemon [_thread_blocked, id=4652, stack(0x0000000cf0100000,0x0000000cf0200000)]
  0x0000018da8851800 JavaThread "Sweeper thread" daemon [_thread_blocked, id=2272, stack(0x0000000cf0200000,0x0000000cf0300000)]
  0x0000018da89b9000 JavaThread "Common-Cleaner" daemon [_thread_blocked, id=7412, stack(0x0000000cf0400000,0x0000000cf0500000)]
  0x0000018da97c0000 JavaThread "pool-1-thread-1" [_thread_blocked, id=7056, stack(0x0000000cf0500000,0x0000000cf0600000)]
=>0x0000018da8ed3000 JavaThread "Exec process" [_thread_in_Java, id=16752, stack(0x0000000cef100000,0x0000000cef200000)]
  0x0000018da8ed5800 JavaThread "Exec process Thread 2" [_thread_blocked, id=13720, stack(0x0000000cef300000,0x0000000cef400000)]

Other Threads:
  0x0000018da7f2d800 VMThread "VM Thread" [stack: 0x0000000cefa00000,0x0000000cefb00000] [id=5156]
  0x0000018da89ae800 WatcherThread [stack: 0x0000000cf0300000,0x0000000cf0400000] [id=8868]
  0x0000018d86f32000 GCTaskThread "GC Thread#0" [stack: 0x0000000cef500000,0x0000000cef600000] [id=7552]
  0x0000018da9870000 GCTaskThread "GC Thread#1" [stack: 0x0000000cf0600000,0x0000000cf0700000] [id=3012]
  0x0000018da921e800 GCTaskThread "GC Thread#2" [stack: 0x0000000cf0700000,0x0000000cf0800000] [id=5236]
  0x0000018da95a5800 GCTaskThread "GC Thread#3" [stack: 0x0000000cf0800000,0x0000000cf0900000] [id=8928]
  0x0000018da95a6000 GCTaskThread "GC Thread#4" [stack: 0x0000000cf0900000,0x0000000cf0a00000] [id=6184]
  0x0000018da9a83000 GCTaskThread "GC Thread#5" [stack: 0x0000000cf0a00000,0x0000000cf0b00000] [id=2140]
  0x0000018d86f8f000 ConcurrentGCThread "G1 Main Marker" [stack: 0x0000000cef600000,0x0000000cef700000] [id=4832]
  0x0000018d86f91000 ConcurrentGCThread "G1 Conc#0" [stack: 0x0000000cef700000,0x0000000cef800000] [id=3200]
  0x0000018da7e1f800 ConcurrentGCThread "G1 Refine#0" [stack: 0x0000000cef800000,0x0000000cef900000] [id=5628]
  0x0000018da7e20800 ConcurrentGCThread "G1 Young RemSet Sampling" [stack: 0x0000000cef900000,0x0000000cefa00000] [id=8936]

Threads with active compile tasks:

VM state:not at safepoint (normal execution)

VM Mutex/Monitor currently owned by a thread: None

Heap address: 0x0000000701e00000, size: 4066 MB, Compressed Oops mode: Zero based, Oop shift amount: 3
Narrow klass base: 0x0000000800000000, Narrow klass shift: 0
Compressed class space size: 1073741824 Address: 0x0000000800000000

Heap:
 garbage-first heap   total 262144K, used 28588K [0x0000000701e00000, 0x0000000800000000)
  region size 1024K, 24 young (24576K), 5 survivors (5120K)
 Metaspace       used 16234K, capacity 16502K, committed 16768K, reserved 1064960K
  class space    used 1794K, capacity 1908K, committed 1920K, reserved 1048576K
Heap Regions: E=young(eden), S=young(survivor), O=old, HS=humongous(starts), HC=humongous(continues), CS=collection set, F=free, A=archive, TAMS=top-at-mark-start (previous, next)
|   0|0x0000000701e00000, 0x0000000701e00000, 0x0000000701f00000|  0%| F|  |TAMS 0x0000000701e00000, 0x0000000701e00000| Untracked 
|   1|0x0000000701f00000, 0x0000000701f00000, 0x0000000702000000|  0%| F|  |TAMS 0x0000000701f00000, 0x0000000701f00000| Untracked 
|   2|0x0000000702000000, 0x0000000702000000, 0x0000000702100000|  0%| F|  |TAMS 0x0000000702000000, 0x0000000702000000| Untracked 
|   3|0x0000000702100000, 0x0000000702200000, 0x0000000702200000|100%|HS|  |TAMS 0x0000000702100000, 0x0000000702100000| Complete 
|   4|0x0000000702200000, 0x0000000702300000, 0x0000000702300000|100%|HC|  |TAMS 0x0000000702200000, 0x0000000702200000| Complete 
|   5|0x0000000702300000, 0x0000000702400000, 0x0000000702400000|100%|HC|  |TAMS 0x0000000702300000, 0x0000000702300000| Complete 
|   6|0x0000000702400000, 0x0000000702500000, 0x0000000702500000|100%| O|  |TAMS 0x0000000702400000, 0x0000000702400000| Untracked 
|   7|0x0000000702500000, 0x0000000702600000, 0x0000000702600000|100%| O|  |TAMS 0x0000000702500000, 0x0000000702500000| Untracked 
|   8|0x0000000702600000, 0x0000000702672a00, 0x0000000702700000| 44%| O|  |TAMS 0x0000000702600000, 0x0000000702600000| Untracked 
|   9|0x0000000702700000, 0x0000000702700000, 0x0000000702800000|  0%| F|  |TAMS 0x0000000702700000, 0x0000000702700000| Untracked 
|  10|0x0000000702800000, 0x0000000702800000, 0x0000000702900000|  0%| F|  |TAMS 0x0000000702800000, 0x0000000702800000| Untracked 
|  11|0x0000000702900000, 0x0000000702900000, 0x0000000702a00000|  0%| F|  |TAMS 0x0000000702900000, 0x0000000702900000| Untracked 
|  12|0x0000000702a00000, 0x0000000702a00000, 0x0000000702b00000|  0%| F|  |TAMS 0x0000000702a00000, 0x0000000702a00000| Untracked 
|  13|0x0000000702b00000, 0x0000000702b00000, 0x0000000702c00000|  0%| F|  |TAMS 0x0000000702b00000, 0x0000000702b00000| Untracked 
|  14|0x0000000702c00000, 0x0000000702c00000, 0x0000000702d00000|  0%| F|  |TAMS 0x0000000702c00000, 0x0000000702c00000| Untracked 
|  15|0x0000000702d00000, 0x0000000702d00000, 0x0000000702e00000|  0%| F|  |TAMS 0x0000000702d00000, 0x0000000702d00000| Untracked 
|  16|0x0000000702e00000, 0x0000000702e00000, 0x0000000702f00000|  0%| F|  |TAMS 0x0000000702e00000, 0x0000000702e00000| Untracked 
|  17|0x0000000702f00000, 0x0000000702f00000, 0x0000000703000000|  0%| F|  |TAMS 0x0000000702f00000, 0x0000000702f00000| Untracked 
|  18|0x0000000703000000, 0x0000000703000000, 0x0000000703100000|  0%| F|  |TAMS 0x0000000703000000, 0x0000000703000000| Untracked 
|  19|0x0000000703100000, 0x0000000703100000, 0x0000000703200000|  0%| F|  |TAMS 0x0000000703100000, 0x0000000703100000| Untracked 
|  20|0x0000000703200000, 0x0000000703200000, 0x0000000703300000|  0%| F|  |TAMS 0x0000000703200000, 0x0000000703200000| Untracked 
|  21|0x0000000703300000, 0x0000000703300000, 0x0000000703400000|  0%| F|  |TAMS 0x0000000703300000, 0x0000000703300000| Untracked 
|  22|0x0000000703400000, 0x0000000703400000, 0x0000000703500000|  0%| F|  |TAMS 0x0000000703400000, 0x0000000703400000| Untracked 
|  23|0x0000000703500000, 0x0000000703500000, 0x0000000703600000|  0%| F|  |TAMS 0x0000000703500000, 0x0000000703500000| Untracked 
|  24|0x0000000703600000, 0x0000000703600000, 0x0000000703700000|  0%| F|  |TAMS 0x0000000703600000, 0x0000000703600000| Untracked 
|  25|0x0000000703700000, 0x0000000703700000, 0x0000000703800000|  0%| F|  |TAMS 0x0000000703700000, 0x0000000703700000| Untracked 
|  26|0x0000000703800000, 0x0000000703800000, 0x0000000703900000|  0%| F|  |TAMS 0x0000000703800000, 0x0000000703800000| Untracked 
|  27|0x0000000703900000, 0x0000000703900000, 0x0000000703a00000|  0%| F|  |TAMS 0x0000000703900000, 0x0000000703900000| Untracked 
|  28|0x0000000703a00000, 0x0000000703a00000, 0x0000000703b00000|  0%| F|  |TAMS 0x0000000703a00000, 0x0000000703a00000| Untracked 
|  29|0x0000000703b00000, 0x0000000703b00000, 0x0000000703c00000|  0%| F|  |TAMS 0x0000000703b00000, 0x0000000703b00000| Untracked 
|  30|0x0000000703c00000, 0x0000000703c00000, 0x0000000703d00000|  0%| F|  |TAMS 0x0000000703c00000, 0x0000000703c00000| Untracked 
|  31|0x0000000703d00000, 0x0000000703d00000, 0x0000000703e00000|  0%| F|  |TAMS 0x0000000703d00000, 0x0000000703d00000| Untracked 
|  32|0x0000000703e00000, 0x0000000703e00000, 0x0000000703f00000|  0%| F|  |TAMS 0x0000000703e00000, 0x0000000703e00000| Untracked 
|  33|0x0000000703f00000, 0x0000000703f00000, 0x0000000704000000|  0%| F|  |TAMS 0x0000000703f00000, 0x0000000703f00000| Untracked 
|  34|0x0000000704000000, 0x0000000704000000, 0x0000000704100000|  0%| F|  |TAMS 0x0000000704000000, 0x0000000704000000| Untracked 
|  35|0x0000000704100000, 0x0000000704100000, 0x0000000704200000|  0%| F|  |TAMS 0x0000000704100000, 0x0000000704100000| Untracked 
|  36|0x0000000704200000, 0x0000000704200000, 0x0000000704300000|  0%| F|  |TAMS 0x0000000704200000, 0x0000000704200000| Untracked 
|  37|0x0000000704300000, 0x0000000704300000, 0x0000000704400000|  0%| F|  |TAMS 0x0000000704300000, 0x0000000704300000| Untracked 
|  38|0x0000000704400000, 0x0000000704400000, 0x0000000704500000|  0%| F|  |TAMS 0x0000000704400000, 0x0000000704400000| Untracked 
|  39|0x0000000704500000, 0x0000000704500000, 0x0000000704600000|  0%| F|  |TAMS 0x0000000704500000, 0x0000000704500000| Untracked 
|  40|0x0000000704600000, 0x0000000704600000, 0x0000000704700000|  0%| F|  |TAMS 0x0000000704600000, 0x0000000704600000| Untracked 
|  41|0x0000000704700000, 0x0000000704700000, 0x0000000704800000|  0%| F|  |TAMS 0x0000000704700000, 0x0000000704700000| Untracked 
|  42|0x0000000704800000, 0x0000000704800000, 0x0000000704900000|  0%| F|  |TAMS 0x0000000704800000, 0x0000000704800000| Untracked 
|  43|0x0000000704900000, 0x0000000704900000, 0x0000000704a00000|  0%| F|  |TAMS 0x0000000704900000, 0x0000000704900000| Untracked 
|  44|0x0000000704a00000, 0x0000000704a00000, 0x0000000704b00000|  0%| F|  |TAMS 0x0000000704a00000, 0x0000000704a00000| Untracked 
|  45|0x0000000704b00000, 0x0000000704b00000, 0x0000000704c00000|  0%| F|  |TAMS 0x0000000704b00000, 0x0000000704b00000| Untracked 
|  46|0x0000000704c00000, 0x0000000704c00000, 0x0000000704d00000|  0%| F|  |TAMS 0x0000000704c00000, 0x0000000704c00000| Untracked 
|  47|0x0000000704d00000, 0x0000000704d00000, 0x0000000704e00000|  0%| F|  |TAMS 0x0000000704d00000, 0x0000000704d00000| Untracked 
|  48|0x0000000704e00000, 0x0000000704e00000, 0x0000000704f00000|  0%| F|  |TAMS 0x0000000704e00000, 0x0000000704e00000| Untracked 
|  49|0x0000000704f00000, 0x0000000704f00000, 0x0000000705000000|  0%| F|  |TAMS 0x0000000704f00000, 0x0000000704f00000| Untracked 
|  50|0x0000000705000000, 0x0000000705000000, 0x0000000705100000|  0%| F|  |TAMS 0x0000000705000000, 0x0000000705000000| Untracked 
|  51|0x0000000705100000, 0x0000000705100000, 0x0000000705200000|  0%| F|  |TAMS 0x0000000705100000, 0x0000000705100000| Untracked 
|  52|0x0000000705200000, 0x0000000705200000, 0x0000000705300000|  0%| F|  |TAMS 0x0000000705200000, 0x0000000705200000| Untracked 
|  53|0x0000000705300000, 0x0000000705300000, 0x0000000705400000|  0%| F|  |TAMS 0x0000000705300000, 0x0000000705300000| Untracked 
|  54|0x0000000705400000, 0x0000000705400000, 0x0000000705500000|  0%| F|  |TAMS 0x0000000705400000, 0x0000000705400000| Untracked 
|  55|0x0000000705500000, 0x0000000705500000, 0x0000000705600000|  0%| F|  |TAMS 0x0000000705500000, 0x0000000705500000| Untracked 
|  56|0x0000000705600000, 0x0000000705600000, 0x0000000705700000|  0%| F|  |TAMS 0x0000000705600000, 0x0000000705600000| Untracked 
|  57|0x0000000705700000, 0x0000000705700000, 0x0000000705800000|  0%| F|  |TAMS 0x0000000705700000, 0x0000000705700000| Untracked 
|  58|0x0000000705800000, 0x0000000705800000, 0x0000000705900000|  0%| F|  |TAMS 0x0000000705800000, 0x0000000705800000| Untracked 
|  59|0x0000000705900000, 0x0000000705900000, 0x0000000705a00000|  0%| F|  |TAMS 0x0000000705900000, 0x0000000705900000| Untracked 
|  60|0x0000000705a00000, 0x0000000705a00000, 0x0000000705b00000|  0%| F|  |TAMS 0x0000000705a00000, 0x0000000705a00000| Untracked 
|  61|0x0000000705b00000, 0x0000000705b00000, 0x0000000705c00000|  0%| F|  |TAMS 0x0000000705b00000, 0x0000000705b00000| Untracked 
|  62|0x0000000705c00000, 0x0000000705c00000, 0x0000000705d00000|  0%| F|  |TAMS 0x0000000705c00000, 0x0000000705c00000| Untracked 
|  63|0x0000000705d00000, 0x0000000705d00000, 0x0000000705e00000|  0%| F|  |TAMS 0x0000000705d00000, 0x0000000705d00000| Untracked 
|  64|0x0000000705e00000, 0x0000000705e00000, 0x0000000705f00000|  0%| F|  |TAMS 0x0000000705e00000, 0x0000000705e00000| Untracked 
|  65|0x0000000705f00000, 0x0000000705f00000, 0x0000000706000000|  0%| F|  |TAMS 0x0000000705f00000, 0x0000000705f00000| Untracked 
|  66|0x0000000706000000, 0x0000000706000000, 0x0000000706100000|  0%| F|  |TAMS 0x0000000706000000, 0x0000000706000000| Untracked 
|  67|0x0000000706100000, 0x0000000706100000, 0x0000000706200000|  0%| F|  |TAMS 0x0000000706100000, 0x0000000706100000| Untracked 
|  68|0x0000000706200000, 0x0000000706200000, 0x0000000706300000|  0%| F|  |TAMS 0x0000000706200000, 0x0000000706200000| Untracked 
|  69|0x0000000706300000, 0x0000000706300000, 0x0000000706400000|  0%| F|  |TAMS 0x0000000706300000, 0x0000000706300000| Untracked 
|  70|0x0000000706400000, 0x0000000706400000, 0x0000000706500000|  0%| F|  |TAMS 0x0000000706400000, 0x0000000706400000| Untracked 
|  71|0x0000000706500000, 0x0000000706500000, 0x0000000706600000|  0%| F|  |TAMS 0x0000000706500000, 0x0000000706500000| Untracked 
|  72|0x0000000706600000, 0x0000000706600000, 0x0000000706700000|  0%| F|  |TAMS 0x0000000706600000, 0x0000000706600000| Untracked 
|  73|0x0000000706700000, 0x0000000706700000, 0x0000000706800000|  0%| F|  |TAMS 0x0000000706700000, 0x0000000706700000| Untracked 
|  74|0x0000000706800000, 0x0000000706800000, 0x0000000706900000|  0%| F|  |TAMS 0x0000000706800000, 0x0000000706800000| Untracked 
|  75|0x0000000706900000, 0x0000000706900000, 0x0000000706a00000|  0%| F|  |TAMS 0x0000000706900000, 0x0000000706900000| Untracked 
|  76|0x0000000706a00000, 0x0000000706a00000, 0x0000000706b00000|  0%| F|  |TAMS 0x0000000706a00000, 0x0000000706a00000| Untracked 
|  77|0x0000000706b00000, 0x0000000706b00000, 0x0000000706c00000|  0%| F|  |TAMS 0x0000000706b00000, 0x0000000706b00000| Untracked 
|  78|0x0000000706c00000, 0x0000000706c00000, 0x0000000706d00000|  0%| F|  |TAMS 0x0000000706c00000, 0x0000000706c00000| Untracked 
|  79|0x0000000706d00000, 0x0000000706d00000, 0x0000000706e00000|  0%| F|  |TAMS 0x0000000706d00000, 0x0000000706d00000| Untracked 
|  80|0x0000000706e00000, 0x0000000706e00000, 0x0000000706f00000|  0%| F|  |TAMS 0x0000000706e00000, 0x0000000706e00000| Untracked 
|  81|0x0000000706f00000, 0x0000000706f00000, 0x0000000707000000|  0%| F|  |TAMS 0x0000000706f00000, 0x0000000706f00000| Untracked 
|  82|0x0000000707000000, 0x0000000707000000, 0x0000000707100000|  0%| F|  |TAMS 0x0000000707000000, 0x0000000707000000| Untracked 
|  83|0x0000000707100000, 0x0000000707100000, 0x0000000707200000|  0%| F|  |TAMS 0x0000000707100000, 0x0000000707100000| Untracked 
|  84|0x0000000707200000, 0x0000000707200000, 0x0000000707300000|  0%| F|  |TAMS 0x0000000707200000, 0x0000000707200000| Untracked 
|  85|0x0000000707300000, 0x0000000707300000, 0x0000000707400000|  0%| F|  |TAMS 0x0000000707300000, 0x0000000707300000| Untracked 
|  86|0x0000000707400000, 0x0000000707400000, 0x0000000707500000|  0%| F|  |TAMS 0x0000000707400000, 0x0000000707400000| Untracked 
|  87|0x0000000707500000, 0x0000000707500000, 0x0000000707600000|  0%| F|  |TAMS 0x0000000707500000, 0x0000000707500000| Untracked 
|  88|0x0000000707600000, 0x0000000707600000, 0x0000000707700000|  0%| F|  |TAMS 0x0000000707600000, 0x0000000707600000| Untracked 
|  89|0x0000000707700000, 0x0000000707700000, 0x0000000707800000|  0%| F|  |TAMS 0x0000000707700000, 0x0000000707700000| Untracked 
|  90|0x0000000707800000, 0x0000000707800000, 0x0000000707900000|  0%| F|  |TAMS 0x0000000707800000, 0x0000000707800000| Untracked 
|  91|0x0000000707900000, 0x0000000707900000, 0x0000000707a00000|  0%| F|  |TAMS 0x0000000707900000, 0x0000000707900000| Untracked 
|  92|0x0000000707a00000, 0x0000000707a00000, 0x0000000707b00000|  0%| F|  |TAMS 0x0000000707a00000, 0x0000000707a00000| Untracked 
|  93|0x0000000707b00000, 0x0000000707b00000, 0x0000000707c00000|  0%| F|  |TAMS 0x0000000707b00000, 0x0000000707b00000| Untracked 
|  94|0x0000000707c00000, 0x0000000707c00000, 0x0000000707d00000|  0%| F|  |TAMS 0x0000000707c00000, 0x0000000707c00000| Untracked 
|  95|0x0000000707d00000, 0x0000000707d00000, 0x0000000707e00000|  0%| F|  |TAMS 0x0000000707d00000, 0x0000000707d00000| Untracked 
|  96|0x0000000707e00000, 0x0000000707e00000, 0x0000000707f00000|  0%| F|  |TAMS 0x0000000707e00000, 0x0000000707e00000| Untracked 
|  97|0x0000000707f00000, 0x0000000707f00000, 0x0000000708000000|  0%| F|  |TAMS 0x0000000707f00000, 0x0000000707f00000| Untracked 
|  98|0x0000000708000000, 0x0000000708078690, 0x0000000708100000| 47%| S|CS|TAMS 0x0000000708000000, 0x0000000708000000| Complete 
|  99|0x0000000708100000, 0x0000000708200000, 0x0000000708200000|100%| S|CS|TAMS 0x0000000708100000, 0x0000000708100000| Complete 
| 100|0x0000000708200000, 0x0000000708300000, 0x0000000708300000|100%| S|CS|TAMS 0x0000000708200000, 0x0000000708200000| Complete 
| 101|0x0000000708300000, 0x0000000708400000, 0x0000000708400000|100%| S|CS|TAMS 0x0000000708300000, 0x0000000708300000| Complete 
| 102|0x0000000708400000, 0x0000000708500000, 0x0000000708500000|100%| S|CS|TAMS 0x0000000708400000, 0x0000000708400000| Complete 
| 103|0x0000000708500000, 0x0000000708500000, 0x0000000708600000|  0%| F|  |TAMS 0x0000000708500000, 0x0000000708500000| Untracked 
| 104|0x0000000708600000, 0x0000000708600000, 0x0000000708700000|  0%| F|  |TAMS 0x0000000708600000, 0x0000000708600000| Untracked 
| 105|0x0000000708700000, 0x0000000708700000, 0x0000000708800000|  0%| F|  |TAMS 0x0000000708700000, 0x0000000708700000| Untracked 
| 106|0x0000000708800000, 0x0000000708800000, 0x0000000708900000|  0%| F|  |TAMS 0x0000000708800000, 0x0000000708800000| Untracked 
| 107|0x0000000708900000, 0x0000000708900000, 0x0000000708a00000|  0%| F|  |TAMS 0x0000000708900000, 0x0000000708900000| Untracked 
| 108|0x0000000708a00000, 0x0000000708a00000, 0x0000000708b00000|  0%| F|  |TAMS 0x0000000708a00000, 0x0000000708a00000| Untracked 
| 109|0x0000000708b00000, 0x0000000708b00000, 0x0000000708c00000|  0%| F|  |TAMS 0x0000000708b00000, 0x0000000708b00000| Untracked 
| 110|0x0000000708c00000, 0x0000000708c00000, 0x0000000708d00000|  0%| F|  |TAMS 0x0000000708c00000, 0x0000000708c00000| Untracked 
| 111|0x0000000708d00000, 0x0000000708d00000, 0x0000000708e00000|  0%| F|  |TAMS 0x0000000708d00000, 0x0000000708d00000| Untracked 
| 112|0x0000000708e00000, 0x0000000708e00000, 0x0000000708f00000|  0%| F|  |TAMS 0x0000000708e00000, 0x0000000708e00000| Untracked 
| 113|0x0000000708f00000, 0x0000000708f00000, 0x0000000709000000|  0%| F|  |TAMS 0x0000000708f00000, 0x0000000708f00000| Untracked 
| 114|0x0000000709000000, 0x0000000709000000, 0x0000000709100000|  0%| F|  |TAMS 0x0000000709000000, 0x0000000709000000| Untracked 
| 115|0x0000000709100000, 0x0000000709100000, 0x0000000709200000|  0%| F|  |TAMS 0x0000000709100000, 0x0000000709100000| Untracked 
| 116|0x0000000709200000, 0x0000000709200000, 0x0000000709300000|  0%| F|  |TAMS 0x0000000709200000, 0x0000000709200000| Untracked 
| 117|0x0000000709300000, 0x0000000709300000, 0x0000000709400000|  0%| F|  |TAMS 0x0000000709300000, 0x0000000709300000| Untracked 
| 118|0x0000000709400000, 0x0000000709400000, 0x0000000709500000|  0%| F|  |TAMS 0x0000000709400000, 0x0000000709400000| Untracked 
| 119|0x0000000709500000, 0x0000000709500000, 0x0000000709600000|  0%| F|  |TAMS 0x0000000709500000, 0x0000000709500000| Untracked 
| 120|0x0000000709600000, 0x0000000709600000, 0x0000000709700000|  0%| F|  |TAMS 0x0000000709600000, 0x0000000709600000| Untracked 
| 121|0x0000000709700000, 0x0000000709700000, 0x0000000709800000|  0%| F|  |TAMS 0x0000000709700000, 0x0000000709700000| Untracked 
| 122|0x0000000709800000, 0x0000000709800000, 0x0000000709900000|  0%| F|  |TAMS 0x0000000709800000, 0x0000000709800000| Untracked 
| 123|0x0000000709900000, 0x0000000709900000, 0x0000000709a00000|  0%| F|  |TAMS 0x0000000709900000, 0x0000000709900000| Untracked 
| 124|0x0000000709a00000, 0x0000000709a00000, 0x0000000709b00000|  0%| F|  |TAMS 0x0000000709a00000, 0x0000000709a00000| Untracked 
| 125|0x0000000709b00000, 0x0000000709b00000, 0x0000000709c00000|  0%| F|  |TAMS 0x0000000709b00000, 0x0000000709b00000| Untracked 
| 126|0x0000000709c00000, 0x0000000709c00000, 0x0000000709d00000|  0%| F|  |TAMS 0x0000000709c00000, 0x0000000709c00000| Untracked 
| 127|0x0000000709d00000, 0x0000000709d00000, 0x0000000709e00000|  0%| F|  |TAMS 0x0000000709d00000, 0x0000000709d00000| Untracked 
| 128|0x0000000709e00000, 0x0000000709e00000, 0x0000000709f00000|  0%| F|  |TAMS 0x0000000709e00000, 0x0000000709e00000| Untracked 
| 129|0x0000000709f00000, 0x0000000709f00000, 0x000000070a000000|  0%| F|  |TAMS 0x0000000709f00000, 0x0000000709f00000| Untracked 
| 130|0x000000070a000000, 0x000000070a000000, 0x000000070a100000|  0%| F|  |TAMS 0x000000070a000000, 0x000000070a000000| Untracked 
| 131|0x000000070a100000, 0x000000070a100000, 0x000000070a200000|  0%| F|  |TAMS 0x000000070a100000, 0x000000070a100000| Untracked 
| 132|0x000000070a200000, 0x000000070a200000, 0x000000070a300000|  0%| F|  |TAMS 0x000000070a200000, 0x000000070a200000| Untracked 
| 133|0x000000070a300000, 0x000000070a300000, 0x000000070a400000|  0%| F|  |TAMS 0x000000070a300000, 0x000000070a300000| Untracked 
| 134|0x000000070a400000, 0x000000070a400000, 0x000000070a500000|  0%| F|  |TAMS 0x000000070a400000, 0x000000070a400000| Untracked 
| 135|0x000000070a500000, 0x000000070a500000, 0x000000070a600000|  0%| F|  |TAMS 0x000000070a500000, 0x000000070a500000| Untracked 
| 136|0x000000070a600000, 0x000000070a600000, 0x000000070a700000|  0%| F|  |TAMS 0x000000070a600000, 0x000000070a600000| Untracked 
| 137|0x000000070a700000, 0x000000070a700000, 0x000000070a800000|  0%| F|  |TAMS 0x000000070a700000, 0x000000070a700000| Untracked 
| 138|0x000000070a800000, 0x000000070a800000, 0x000000070a900000|  0%| F|  |TAMS 0x000000070a800000, 0x000000070a800000| Untracked 
| 139|0x000000070a900000, 0x000000070a900000, 0x000000070aa00000|  0%| F|  |TAMS 0x000000070a900000, 0x000000070a900000| Untracked 
| 140|0x000000070aa00000, 0x000000070aa00000, 0x000000070ab00000|  0%| F|  |TAMS 0x000000070aa00000, 0x000000070aa00000| Untracked 
| 141|0x000000070ab00000, 0x000000070ab00000, 0x000000070ac00000|  0%| F|  |TAMS 0x000000070ab00000, 0x000000070ab00000| Untracked 
| 142|0x000000070ac00000, 0x000000070ac00000, 0x000000070ad00000|  0%| F|  |TAMS 0x000000070ac00000, 0x000000070ac00000| Untracked 
| 143|0x000000070ad00000, 0x000000070ad00000, 0x000000070ae00000|  0%| F|  |TAMS 0x000000070ad00000, 0x000000070ad00000| Untracked 
| 144|0x000000070ae00000, 0x000000070ae00000, 0x000000070af00000|  0%| F|  |TAMS 0x000000070ae00000, 0x000000070ae00000| Untracked 
| 145|0x000000070af00000, 0x000000070af00000, 0x000000070b000000|  0%| F|  |TAMS 0x000000070af00000, 0x000000070af00000| Untracked 
| 146|0x000000070b000000, 0x000000070b000000, 0x000000070b100000|  0%| F|  |TAMS 0x000000070b000000, 0x000000070b000000| Untracked 
| 147|0x000000070b100000, 0x000000070b100000, 0x000000070b200000|  0%| F|  |TAMS 0x000000070b100000, 0x000000070b100000| Untracked 
| 148|0x000000070b200000, 0x000000070b200000, 0x000000070b300000|  0%| F|  |TAMS 0x000000070b200000, 0x000000070b200000| Untracked 
| 149|0x000000070b300000, 0x000000070b300000, 0x000000070b400000|  0%| F|  |TAMS 0x000000070b300000, 0x000000070b300000| Untracked 
| 150|0x000000070b400000, 0x000000070b400000, 0x000000070b500000|  0%| F|  |TAMS 0x000000070b400000, 0x000000070b400000| Untracked 
| 151|0x000000070b500000, 0x000000070b500000, 0x000000070b600000|  0%| F|  |TAMS 0x000000070b500000, 0x000000070b500000| Untracked 
| 152|0x000000070b600000, 0x000000070b600000, 0x000000070b700000|  0%| F|  |TAMS 0x000000070b600000, 0x000000070b600000| Untracked 
| 153|0x000000070b700000, 0x000000070b700000, 0x000000070b800000|  0%| F|  |TAMS 0x000000070b700000, 0x000000070b700000| Untracked 
| 154|0x000000070b800000, 0x000000070b800000, 0x000000070b900000|  0%| F|  |TAMS 0x000000070b800000, 0x000000070b800000| Untracked 
| 155|0x000000070b900000, 0x000000070b900000, 0x000000070ba00000|  0%| F|  |TAMS 0x000000070b900000, 0x000000070b900000| Untracked 
| 156|0x000000070ba00000, 0x000000070ba00000, 0x000000070bb00000|  0%| F|  |TAMS 0x000000070ba00000, 0x000000070ba00000| Untracked 
| 157|0x000000070bb00000, 0x000000070bb00000, 0x000000070bc00000|  0%| F|  |TAMS 0x000000070bb00000, 0x000000070bb00000| Untracked 
| 158|0x000000070bc00000, 0x000000070bc00000, 0x000000070bd00000|  0%| F|  |TAMS 0x000000070bc00000, 0x000000070bc00000| Untracked 
| 159|0x000000070bd00000, 0x000000070bd00000, 0x000000070be00000|  0%| F|  |TAMS 0x000000070bd00000, 0x000000070bd00000| Untracked 
| 160|0x000000070be00000, 0x000000070be00000, 0x000000070bf00000|  0%| F|  |TAMS 0x000000070be00000, 0x000000070be00000| Untracked 
| 161|0x000000070bf00000, 0x000000070bf00000, 0x000000070c000000|  0%| F|  |TAMS 0x000000070bf00000, 0x000000070bf00000| Untracked 
| 162|0x000000070c000000, 0x000000070c000000, 0x000000070c100000|  0%| F|  |TAMS 0x000000070c000000, 0x000000070c000000| Untracked 
| 163|0x000000070c100000, 0x000000070c100000, 0x000000070c200000|  0%| F|  |TAMS 0x000000070c100000, 0x000000070c100000| Untracked 
| 164|0x000000070c200000, 0x000000070c200000, 0x000000070c300000|  0%| F|  |TAMS 0x000000070c200000, 0x000000070c200000| Untracked 
| 165|0x000000070c300000, 0x000000070c300000, 0x000000070c400000|  0%| F|  |TAMS 0x000000070c300000, 0x000000070c300000| Untracked 
| 166|0x000000070c400000, 0x000000070c400000, 0x000000070c500000|  0%| F|  |TAMS 0x000000070c400000, 0x000000070c400000| Untracked 
| 167|0x000000070c500000, 0x000000070c500000, 0x000000070c600000|  0%| F|  |TAMS 0x000000070c500000, 0x000000070c500000| Untracked 
| 168|0x000000070c600000, 0x000000070c600000, 0x000000070c700000|  0%| F|  |TAMS 0x000000070c600000, 0x000000070c600000| Untracked 
| 169|0x000000070c700000, 0x000000070c700000, 0x000000070c800000|  0%| F|  |TAMS 0x000000070c700000, 0x000000070c700000| Untracked 
| 170|0x000000070c800000, 0x000000070c800000, 0x000000070c900000|  0%| F|  |TAMS 0x000000070c800000, 0x000000070c800000| Untracked 
| 171|0x000000070c900000, 0x000000070c900000, 0x000000070ca00000|  0%| F|  |TAMS 0x000000070c900000, 0x000000070c900000| Untracked 
| 172|0x000000070ca00000, 0x000000070ca00000, 0x000000070cb00000|  0%| F|  |TAMS 0x000000070ca00000, 0x000000070ca00000| Untracked 
| 173|0x000000070cb00000, 0x000000070cb00000, 0x000000070cc00000|  0%| F|  |TAMS 0x000000070cb00000, 0x000000070cb00000| Untracked 
| 174|0x000000070cc00000, 0x000000070cc00000, 0x000000070cd00000|  0%| F|  |TAMS 0x000000070cc00000, 0x000000070cc00000| Untracked 
| 175|0x000000070cd00000, 0x000000070cd00000, 0x000000070ce00000|  0%| F|  |TAMS 0x000000070cd00000, 0x000000070cd00000| Untracked 
| 176|0x000000070ce00000, 0x000000070ce00000, 0x000000070cf00000|  0%| F|  |TAMS 0x000000070ce00000, 0x000000070ce00000| Untracked 
| 177|0x000000070cf00000, 0x000000070cf00000, 0x000000070d000000|  0%| F|  |TAMS 0x000000070cf00000, 0x000000070cf00000| Untracked 
| 178|0x000000070d000000, 0x000000070d000000, 0x000000070d100000|  0%| F|  |TAMS 0x000000070d000000, 0x000000070d000000| Untracked 
| 179|0x000000070d100000, 0x000000070d100000, 0x000000070d200000|  0%| F|  |TAMS 0x000000070d100000, 0x000000070d100000| Untracked 
| 180|0x000000070d200000, 0x000000070d200000, 0x000000070d300000|  0%| F|  |TAMS 0x000000070d200000, 0x000000070d200000| Untracked 
| 181|0x000000070d300000, 0x000000070d300000, 0x000000070d400000|  0%| F|  |TAMS 0x000000070d300000, 0x000000070d300000| Untracked 
| 182|0x000000070d400000, 0x000000070d400000, 0x000000070d500000|  0%| F|  |TAMS 0x000000070d400000, 0x000000070d400000| Untracked 
| 183|0x000000070d500000, 0x000000070d500000, 0x000000070d600000|  0%| F|  |TAMS 0x000000070d500000, 0x000000070d500000| Untracked 
| 184|0x000000070d600000, 0x000000070d600000, 0x000000070d700000|  0%| F|  |TAMS 0x000000070d600000, 0x000000070d600000| Untracked 
| 185|0x000000070d700000, 0x000000070d700000, 0x000000070d800000|  0%| F|  |TAMS 0x000000070d700000, 0x000000070d700000| Untracked 
| 186|0x000000070d800000, 0x000000070d800000, 0x000000070d900000|  0%| F|  |TAMS 0x000000070d800000, 0x000000070d800000| Untracked 
| 187|0x000000070d900000, 0x000000070d900000, 0x000000070da00000|  0%| F|  |TAMS 0x000000070d900000, 0x000000070d900000| Untracked 
| 188|0x000000070da00000, 0x000000070da00000, 0x000000070db00000|  0%| F|  |TAMS 0x000000070da00000, 0x000000070da00000| Untracked 
| 189|0x000000070db00000, 0x000000070db00000, 0x000000070dc00000|  0%| F|  |TAMS 0x000000070db00000, 0x000000070db00000| Untracked 
| 190|0x000000070dc00000, 0x000000070dc00000, 0x000000070dd00000|  0%| F|  |TAMS 0x000000070dc00000, 0x000000070dc00000| Untracked 
| 191|0x000000070dd00000, 0x000000070dd00000, 0x000000070de00000|  0%| F|  |TAMS 0x000000070dd00000, 0x000000070dd00000| Untracked 
| 192|0x000000070de00000, 0x000000070de00000, 0x000000070df00000|  0%| F|  |TAMS 0x000000070de00000, 0x000000070de00000| Untracked 
| 193|0x000000070df00000, 0x000000070df00000, 0x000000070e000000|  0%| F|  |TAMS 0x000000070df00000, 0x000000070df00000| Untracked 
| 194|0x000000070e000000, 0x000000070e000000, 0x000000070e100000|  0%| F|  |TAMS 0x000000070e000000, 0x000000070e000000| Untracked 
| 195|0x000000070e100000, 0x000000070e100000, 0x000000070e200000|  0%| F|  |TAMS 0x000000070e100000, 0x000000070e100000| Untracked 
| 196|0x000000070e200000, 0x000000070e200000, 0x000000070e300000|  0%| F|  |TAMS 0x000000070e200000, 0x000000070e200000| Untracked 
| 197|0x000000070e300000, 0x000000070e300000, 0x000000070e400000|  0%| F|  |TAMS 0x000000070e300000, 0x000000070e300000| Untracked 
| 198|0x000000070e400000, 0x000000070e400000, 0x000000070e500000|  0%| F|  |TAMS 0x000000070e400000, 0x000000070e400000| Untracked 
| 199|0x000000070e500000, 0x000000070e500000, 0x000000070e600000|  0%| F|  |TAMS 0x000000070e500000, 0x000000070e500000| Untracked 
| 200|0x000000070e600000, 0x000000070e600000, 0x000000070e700000|  0%| F|  |TAMS 0x000000070e600000, 0x000000070e600000| Untracked 
| 201|0x000000070e700000, 0x000000070e700000, 0x000000070e800000|  0%| F|  |TAMS 0x000000070e700000, 0x000000070e700000| Untracked 
| 202|0x000000070e800000, 0x000000070e800000, 0x000000070e900000|  0%| F|  |TAMS 0x000000070e800000, 0x000000070e800000| Untracked 
| 203|0x000000070e900000, 0x000000070e900000, 0x000000070ea00000|  0%| F|  |TAMS 0x000000070e900000, 0x000000070e900000| Untracked 
| 204|0x000000070ea00000, 0x000000070ea00000, 0x000000070eb00000|  0%| F|  |TAMS 0x000000070ea00000, 0x000000070ea00000| Untracked 
| 205|0x000000070eb00000, 0x000000070eb00000, 0x000000070ec00000|  0%| F|  |TAMS 0x000000070eb00000, 0x000000070eb00000| Untracked 
| 206|0x000000070ec00000, 0x000000070ec00000, 0x000000070ed00000|  0%| F|  |TAMS 0x000000070ec00000, 0x000000070ec00000| Untracked 
| 207|0x000000070ed00000, 0x000000070ed00000, 0x000000070ee00000|  0%| F|  |TAMS 0x000000070ed00000, 0x000000070ed00000| Untracked 
| 208|0x000000070ee00000, 0x000000070ee00000, 0x000000070ef00000|  0%| F|  |TAMS 0x000000070ee00000, 0x000000070ee00000| Untracked 
| 209|0x000000070ef00000, 0x000000070ef00000, 0x000000070f000000|  0%| F|  |TAMS 0x000000070ef00000, 0x000000070ef00000| Untracked 
| 210|0x000000070f000000, 0x000000070f000000, 0x000000070f100000|  0%| F|  |TAMS 0x000000070f000000, 0x000000070f000000| Untracked 
| 211|0x000000070f100000, 0x000000070f100000, 0x000000070f200000|  0%| F|  |TAMS 0x000000070f100000, 0x000000070f100000| Untracked 
| 212|0x000000070f200000, 0x000000070f200000, 0x000000070f300000|  0%| F|  |TAMS 0x000000070f200000, 0x000000070f200000| Untracked 
| 213|0x000000070f300000, 0x000000070f300000, 0x000000070f400000|  0%| F|  |TAMS 0x000000070f300000, 0x000000070f300000| Untracked 
| 214|0x000000070f400000, 0x000000070f400000, 0x000000070f500000|  0%| F|  |TAMS 0x000000070f400000, 0x000000070f400000| Untracked 
| 215|0x000000070f500000, 0x000000070f500000, 0x000000070f600000|  0%| F|  |TAMS 0x000000070f500000, 0x000000070f500000| Untracked 
| 216|0x000000070f600000, 0x000000070f600000, 0x000000070f700000|  0%| F|  |TAMS 0x000000070f600000, 0x000000070f600000| Untracked 
| 217|0x000000070f700000, 0x000000070f700000, 0x000000070f800000|  0%| F|  |TAMS 0x000000070f700000, 0x000000070f700000| Untracked 
| 218|0x000000070f800000, 0x000000070f800000, 0x000000070f900000|  0%| F|  |TAMS 0x000000070f800000, 0x000000070f800000| Untracked 
| 219|0x000000070f900000, 0x000000070f900000, 0x000000070fa00000|  0%| F|  |TAMS 0x000000070f900000, 0x000000070f900000| Untracked 
| 220|0x000000070fa00000, 0x000000070fa00000, 0x000000070fb00000|  0%| F|  |TAMS 0x000000070fa00000, 0x000000070fa00000| Untracked 
| 221|0x000000070fb00000, 0x000000070fb00000, 0x000000070fc00000|  0%| F|  |TAMS 0x000000070fb00000, 0x000000070fb00000| Untracked 
| 222|0x000000070fc00000, 0x000000070fc00000, 0x000000070fd00000|  0%| F|  |TAMS 0x000000070fc00000, 0x000000070fc00000| Untracked 
| 223|0x000000070fd00000, 0x000000070fd00000, 0x000000070fe00000|  0%| F|  |TAMS 0x000000070fd00000, 0x000000070fd00000| Untracked 
| 224|0x000000070fe00000, 0x000000070fe00000, 0x000000070ff00000|  0%| F|  |TAMS 0x000000070fe00000, 0x000000070fe00000| Untracked 
| 225|0x000000070ff00000, 0x000000070ff00000, 0x0000000710000000|  0%| F|  |TAMS 0x000000070ff00000, 0x000000070ff00000| Untracked 
| 226|0x0000000710000000, 0x0000000710000000, 0x0000000710100000|  0%| F|  |TAMS 0x0000000710000000, 0x0000000710000000| Untracked 
| 227|0x0000000710100000, 0x0000000710100000, 0x0000000710200000|  0%| F|  |TAMS 0x0000000710100000, 0x0000000710100000| Untracked 
| 228|0x0000000710200000, 0x0000000710200000, 0x0000000710300000|  0%| F|  |TAMS 0x0000000710200000, 0x0000000710200000| Untracked 
| 229|0x0000000710300000, 0x0000000710300000, 0x0000000710400000|  0%| F|  |TAMS 0x0000000710300000, 0x0000000710300000| Untracked 
| 230|0x0000000710400000, 0x0000000710400000, 0x0000000710500000|  0%| F|  |TAMS 0x0000000710400000, 0x0000000710400000| Untracked 
| 231|0x0000000710500000, 0x0000000710500000, 0x0000000710600000|  0%| F|  |TAMS 0x0000000710500000, 0x0000000710500000| Untracked 
| 232|0x0000000710600000, 0x0000000710600000, 0x0000000710700000|  0%| F|  |TAMS 0x0000000710600000, 0x0000000710600000| Untracked 
| 233|0x0000000710700000, 0x0000000710700000, 0x0000000710800000|  0%| F|  |TAMS 0x0000000710700000, 0x0000000710700000| Untracked 
| 234|0x0000000710800000, 0x0000000710800000, 0x0000000710900000|  0%| F|  |TAMS 0x0000000710800000, 0x0000000710800000| Untracked 
| 235|0x0000000710900000, 0x0000000710900000, 0x0000000710a00000|  0%| F|  |TAMS 0x0000000710900000, 0x0000000710900000| Untracked 
| 236|0x0000000710a00000, 0x0000000710a00000, 0x0000000710b00000|  0%| F|  |TAMS 0x0000000710a00000, 0x0000000710a00000| Untracked 
| 237|0x0000000710b00000, 0x0000000710b80828, 0x0000000710c00000| 50%| E|  |TAMS 0x0000000710b00000, 0x0000000710b00000| Complete 
| 238|0x0000000710c00000, 0x0000000710d00000, 0x0000000710d00000|100%| E|CS|TAMS 0x0000000710c00000, 0x0000000710c00000| Complete 
| 239|0x0000000710d00000, 0x0000000710e00000, 0x0000000710e00000|100%| E|CS|TAMS 0x0000000710d00000, 0x0000000710d00000| Complete 
| 240|0x0000000710e00000, 0x0000000710f00000, 0x0000000710f00000|100%| E|CS|TAMS 0x0000000710e00000, 0x0000000710e00000| Complete 
| 241|0x0000000710f00000, 0x0000000711000000, 0x0000000711000000|100%| E|CS|TAMS 0x0000000710f00000, 0x0000000710f00000| Complete 
| 242|0x0000000711000000, 0x0000000711100000, 0x0000000711100000|100%| E|CS|TAMS 0x0000000711000000, 0x0000000711000000| Complete 
| 243|0x0000000711100000, 0x0000000711200000, 0x0000000711200000|100%| E|CS|TAMS 0x0000000711100000, 0x0000000711100000| Complete 
| 244|0x0000000711200000, 0x0000000711300000, 0x0000000711300000|100%| E|CS|TAMS 0x0000000711200000, 0x0000000711200000| Complete 
| 245|0x0000000711300000, 0x0000000711400000, 0x0000000711400000|100%| E|CS|TAMS 0x0000000711300000, 0x0000000711300000| Complete 
| 246|0x0000000711400000, 0x0000000711500000, 0x0000000711500000|100%| E|CS|TAMS 0x0000000711400000, 0x0000000711400000| Complete 
| 247|0x0000000711500000, 0x0000000711600000, 0x0000000711600000|100%| E|CS|TAMS 0x0000000711500000, 0x0000000711500000| Complete 
| 248|0x0000000711600000, 0x0000000711700000, 0x0000000711700000|100%| E|CS|TAMS 0x0000000711600000, 0x0000000711600000| Complete 
| 249|0x0000000711700000, 0x0000000711800000, 0x0000000711800000|100%| E|CS|TAMS 0x0000000711700000, 0x0000000711700000| Complete 
| 250|0x0000000711800000, 0x0000000711900000, 0x0000000711900000|100%| E|CS|TAMS 0x0000000711800000, 0x0000000711800000| Complete 
| 251|0x0000000711900000, 0x0000000711a00000, 0x0000000711a00000|100%| E|CS|TAMS 0x0000000711900000, 0x0000000711900000| Complete 
| 252|0x0000000711a00000, 0x0000000711b00000, 0x0000000711b00000|100%| E|CS|TAMS 0x0000000711a00000, 0x0000000711a00000| Complete 
| 253|0x0000000711b00000, 0x0000000711c00000, 0x0000000711c00000|100%| E|CS|TAMS 0x0000000711b00000, 0x0000000711b00000| Complete 
| 254|0x0000000711c00000, 0x0000000711d00000, 0x0000000711d00000|100%| E|CS|TAMS 0x0000000711c00000, 0x0000000711c00000| Complete 
| 255|0x0000000711d00000, 0x0000000711e00000, 0x0000000711e00000|100%| E|CS|TAMS 0x0000000711d00000, 0x0000000711d00000| Complete 

Card table byte_map: [0x0000018d9c470000,0x0000018d9cc70000] _byte_map_base: 0x0000018d98c61000

Marking Bits (Prev, Next): (CMBitMap*) 0x0000018d86f7e1c8, (CMBitMap*) 0x0000018d86f7e200
 Prev Bits: [0x0000018d9d470000, 0x0000018da13f8000)
 Next Bits: [0x0000018da1400000, 0x0000018da5388000)

Polling page: 0x0000018d87000000

Metaspace:

Usage:
  Non-class:     14.25 MB capacity,    14.10 MB ( 99%) used,   131.27 KB ( <1%) free+waste,    22.63 KB ( <1%) overhead. 
      Class:      1.86 MB capacity,     1.75 MB ( 94%) used,   102.21 KB (  5%) free+waste,    10.94 KB ( <1%) overhead. 
       Both:     16.12 MB capacity,    15.85 MB ( 98%) used,   233.48 KB (  1%) free+waste,    33.56 KB ( <1%) overhead. 

Virtual space:
  Non-class space:       16.00 MB reserved,      14.50 MB ( 91%) committed 
      Class space:        1.00 GB reserved,       1.88 MB ( <1%) committed 
             Both:        1.02 GB reserved,      16.38 MB (  2%) committed 

Chunk freelists:
   Non-Class:  62.00 KB
       Class:  12.00 KB
        Both:  74.00 KB

MaxMetaspaceSize: 17179869184.00 GB
CompressedClassSpaceSize: 1.00 GB

CodeHeap 'non-profiled nmethods': size=120000Kb used=1606Kb max_used=1606Kb free=118393Kb
 bounds [0x0000018d93ce0000, 0x0000018d93f50000, 0x0000018d9b210000]
CodeHeap 'profiled nmethods': size=120000Kb used=4233Kb max_used=4233Kb free=115766Kb
 bounds [0x0000018d8c7b0000, 0x0000018d8cbe0000, 0x0000018d93ce0000]
CodeHeap 'non-nmethods': size=5760Kb used=1120Kb max_used=1181Kb free=4639Kb
 bounds [0x0000018d8c210000, 0x0000018d8c480000, 0x0000018d8c7b0000]
 total_blobs=2676 nmethods=2247 adapters=340
 compilation: enabled
              stopped_count=0, restarted_count=0
 full_count=0

Compilation events (20 events):
Event: 184.811 Thread 0x0000018da8850800 2238       3       java.lang.ref.ReferenceQueue::reallyPoll (65 bytes)
Event: 184.811 Thread 0x0000018da8850800 nmethod 2238 0x0000018d8cbc6710 code [0x0000018d8cbc6900, 0x0000018d8cbc6e38]
Event: 184.811 Thread 0x0000018da8850800 2239       3       jdk.internal.misc.Unsafe::freeMemory (18 bytes)
Event: 184.811 Thread 0x0000018da8850800 nmethod 2239 0x0000018d8cbc6f10 code [0x0000018d8cbc70e0, 0x0000018d8cbc7398]
Event: 184.811 Thread 0x0000018da8850800 2240       3       jdk.internal.misc.Unsafe::freeMemoryChecks (7 bytes)
Event: 184.811 Thread 0x0000018da8850800 nmethod 2240 0x0000018d8cbc7510 code [0x0000018d8cbc76e0, 0x0000018d8cbc78d8]
Event: 184.862 Thread 0x0000018da8850800 2241       3       org.gradle.internal.operations.CurrentBuildOperationRef::get (11 bytes)
Event: 184.862 Thread 0x0000018da8850800 nmethod 2241 0x0000018d8cbc7a10 code [0x0000018d8cbc7be0, 0x0000018d8cbc7ee8]
Event: 186.807 Thread 0x0000018da8850800 2242       3       java.lang.CharacterDataLatin1::digit (32 bytes)
Event: 186.807 Thread 0x0000018da8850800 nmethod 2242 0x0000018d8cbc8010 code [0x0000018d8cbc81c0, 0x0000018d8cbc83f8]
Event: 186.817 Thread 0x0000018da8850800 2243       3       java.io.FileInputStream$1::close (11 bytes)
Event: 186.818 Thread 0x0000018da8850800 nmethod 2243 0x0000018d8cbc8510 code [0x0000018d8cbc8700, 0x0000018d8cbc8dd8]
Event: 186.836 Thread 0x0000018da880d800 2244       4       java.util.LinkedHashMap$LinkedHashIterator::nextNode (54 bytes)
Event: 186.838 Thread 0x0000018da880d800 nmethod 2244 0x0000018d93e71490 code [0x0000018d93e71620, 0x0000018d93e71878]
Event: 189.290 Thread 0x0000018da8850800 2245   !   3       java.util.concurrent.CopyOnWriteArrayList::addIfAbsent (128 bytes)
Event: 189.290 Thread 0x0000018da8850800 nmethod 2245 0x0000018d8cbc9010 code [0x0000018d8cbc9260, 0x0000018d8cbc9e68]
Event: 189.290 Thread 0x0000018da8850800 2246       3       org.gradle.util.GFileUtils::mkdirs (253 bytes)
Event: 189.294 Thread 0x0000018da8850800 nmethod 2246 0x0000018d8cbca390 code [0x0000018d8cbcac20, 0x0000018d8cbcfda8]
Event: 189.295 Thread 0x0000018da8850800 2247       3       java.net.URI::normalize (65 bytes)
Event: 189.295 Thread 0x0000018da8850800 nmethod 2247 0x0000018d8cbd1610 code [0x0000018d8cbd18a0, 0x0000018d8cbd2258]

GC Heap History (8 events):
Event: 16.718 GC heap before
{Heap before GC invocations=0 (full 0):
 garbage-first heap   total 262144K, used 29696K [0x0000000701e00000, 0x0000000800000000)
  region size 1024K, 24 young (24576K), 0 survivors (0K)
 Metaspace       used 11125K, capacity 11368K, committed 11648K, reserved 1058816K
  class space    used 1206K, capacity 1301K, committed 1408K, reserved 1048576K
}
Event: 16.721 GC heap after
{Heap after GC invocations=1 (full 0):
 garbage-first heap   total 262144K, used 8650K [0x0000000701e00000, 0x0000000800000000)
  region size 1024K, 3 young (3072K), 3 survivors (3072K)
 Metaspace       used 11125K, capacity 11368K, committed 11648K, reserved 1058816K
  class space    used 1206K, capacity 1301K, committed 1408K, reserved 1048576K
}
Event: 82.798 GC heap before
{Heap before GC invocations=1 (full 0):
 garbage-first heap   total 262144K, used 162250K [0x0000000701e00000, 0x0000000800000000)
  region size 1024K, 153 young (156672K), 3 survivors (3072K)
 Metaspace       used 15942K, capacity 16246K, committed 16512K, reserved 1064960K
  class space    used 1792K, capacity 1908K, committed 1920K, reserved 1048576K
}
Event: 82.802 GC heap after
{Heap after GC invocations=2 (full 0):
 garbage-first heap   total 262144K, used 9916K [0x0000000701e00000, 0x0000000800000000)
  region size 1024K, 5 young (5120K), 5 survivors (5120K)
 Metaspace       used 15942K, capacity 16246K, committed 16512K, reserved 1064960K
  class space    used 1792K, capacity 1908K, committed 1920K, reserved 1048576K
}
Event: 132.793 GC heap before
{Heap before GC invocations=2 (full 0):
 garbage-first heap   total 262144K, used 161468K [0x0000000701e00000, 0x0000000800000000)
  region size 1024K, 153 young (156672K), 5 survivors (5120K)
 Metaspace       used 16102K, capacity 16438K, committed 16512K, reserved 1064960K
  class space    used 1792K, capacity 1908K, committed 1920K, reserved 1048576K
}
Event: 132.795 GC heap after
{Heap after GC invocations=3 (full 0):
 garbage-first heap   total 262144K, used 10057K [0x0000000701e00000, 0x0000000800000000)
  region size 1024K, 5 young (5120K), 5 survivors (5120K)
 Metaspace       used 16102K, capacity 16438K, committed 16512K, reserved 1064960K
  class space    used 1792K, capacity 1908K, committed 1920K, reserved 1048576K
}
Event: 184.807 GC heap before
{Heap before GC invocations=3 (full 0):
 garbage-first heap   total 262144K, used 161609K [0x0000000701e00000, 0x0000000800000000)
  region size 1024K, 153 young (156672K), 5 survivors (5120K)
 Metaspace       used 16225K, capacity 16502K, committed 16768K, reserved 1064960K
  class space    used 1794K, capacity 1908K, committed 1920K, reserved 1048576K
}
Event: 184.811 GC heap after
{Heap after GC invocations=4 (full 0):
 garbage-first heap   total 262144K, used 10156K [0x0000000701e00000, 0x0000000800000000)
  region size 1024K, 5 young (5120K), 5 survivors (5120K)
 Metaspace       used 16225K, capacity 16502K, committed 16768K, reserved 1064960K
  class space    used 1794K, capacity 1908K, committed 1920K, reserved 1048576K
}

Deoptimization events (20 events):
Event: 110.839 Thread 0x0000018d86f1a800 DEOPT UNPACKING pc=0x0000018d8c23794e sp=0x0000000cef4fc550 mode 0
Event: 120.807 Thread 0x0000018d86f1a800 DEOPT PACKING pc=0x0000018d8c824a45 sp=0x0000000cef4fd080
Event: 120.807 Thread 0x0000018d86f1a800 DEOPT UNPACKING pc=0x0000018d8c23794e sp=0x0000000cef4fc540 mode 0
Event: 132.783 Thread 0x0000018d86f1a800 Uncommon trap: trap_request=0xffffff4d fr.pc=0x0000018d93daeb5c relative=0x000000000000011c
Event: 132.783 Thread 0x0000018d86f1a800 Uncommon trap: reason=unstable_if action=reinterpret pc=0x0000018d93daeb5c method=java.lang.ThreadLocal$ThreadLocalMap.getEntry(Ljava/lang/ThreadLocal;)Ljava/lang/ThreadLocal$ThreadLocalMap$Entry; @ 29 c2
Event: 132.783 Thread 0x0000018d86f1a800 DEOPT PACKING pc=0x0000018d93daeb5c sp=0x0000000cef4fcf80
Event: 132.783 Thread 0x0000018d86f1a800 DEOPT UNPACKING pc=0x0000018d8c237b2f sp=0x0000000cef4fcec0 mode 2
Event: 134.792 Thread 0x0000018d86f1a800 Uncommon trap: trap_request=0xffffff4d fr.pc=0x0000018d93dae6bc relative=0x00000000000000fc
Event: 134.792 Thread 0x0000018d86f1a800 Uncommon trap: reason=unstable_if action=reinterpret pc=0x0000018d93dae6bc method=java.lang.ThreadLocal$ThreadLocalMap.getEntry(Ljava/lang/ThreadLocal;)Ljava/lang/ThreadLocal$ThreadLocalMap$Entry; @ 29 c2
Event: 134.792 Thread 0x0000018d86f1a800 DEOPT PACKING pc=0x0000018d93dae6bc sp=0x0000000cef4fcf00
Event: 134.792 Thread 0x0000018d86f1a800 DEOPT UNPACKING pc=0x0000018d8c237b2f sp=0x0000000cef4fceb8 mode 2
Event: 147.283 Thread 0x0000018d86f1a800 DEOPT PACKING pc=0x0000018d8cafee72 sp=0x0000000cef4fcf10
Event: 147.283 Thread 0x0000018d86f1a800 DEOPT UNPACKING pc=0x0000018d8c23794e sp=0x0000000cef4fc4b0 mode 0
Event: 155.297 Thread 0x0000018d86f1a800 DEOPT PACKING pc=0x0000018d8cae107c sp=0x0000000cef4fcf60
Event: 155.297 Thread 0x0000018d86f1a800 DEOPT UNPACKING pc=0x0000018d8c23794e sp=0x0000000cef4fc428 mode 0
Event: 157.298 Thread 0x0000018d86f1a800 DEOPT PACKING pc=0x0000018d8cb009b9 sp=0x0000000cef4fcf90
Event: 157.298 Thread 0x0000018d86f1a800 DEOPT UNPACKING pc=0x0000018d8c23794e sp=0x0000000cef4fc4a8 mode 0
Event: 191.989 Thread 0x0000018da8ed3000 Uncommon trap: trap_request=0xffffff4d fr.pc=0x0000018d93dddf18 relative=0x0000000000000078
Event: 191.989 Thread 0x0000018da8ed3000 Uncommon trap: reason=unstable_if action=reinterpret pc=0x0000018d93dddf18 method=java.util.regex.Pattern.lambda$DOT$5(I)Z @ 3 c2
Event: 191.990 Thread 0x0000018da8ed3000 DEOPT PACKING pc=0x0000018d93dddf18 sp=0x0000000cef1feed0

Classes redefined (0 events):
No events

Internal exceptions (20 events):
Event: 149.283 Thread 0x0000018d86f1a800 Exception <a 'java/io/IOException'{0x000000070f08ac78}> (0x000000070f08ac78) thrown at [./src/hotspot/share/prims/jni.cpp, line 615]
Event: 151.293 Thread 0x0000018d86f1a800 Exception <a 'java/io/IOException'{0x000000070ea76a08}> (0x000000070ea76a08) thrown at [./src/hotspot/share/prims/jni.cpp, line 615]
Event: 153.298 Thread 0x0000018d86f1a800 Exception <a 'java/io/IOException'{0x000000070e4643c8}> (0x000000070e4643c8) thrown at [./src/hotspot/share/prims/jni.cpp, line 615]
Event: 155.293 Thread 0x0000018d86f1a800 Exception <a 'java/io/IOException'{0x000000070de52b98}> (0x000000070de52b98) thrown at [./src/hotspot/share/prims/jni.cpp, line 615]
Event: 157.294 Thread 0x0000018d86f1a800 Exception <a 'java/io/IOException'{0x000000070d844fe0}> (0x000000070d844fe0) thrown at [./src/hotspot/share/prims/jni.cpp, line 615]
Event: 159.294 Thread 0x0000018d86f1a800 Exception <a 'java/io/IOException'{0x000000070d235f98}> (0x000000070d235f98) thrown at [./src/hotspot/share/prims/jni.cpp, line 615]
Event: 161.289 Thread 0x0000018d86f1a800 Exception <a 'java/io/IOException'{0x000000070cc286f0}> (0x000000070cc286f0) thrown at [./src/hotspot/share/prims/jni.cpp, line 615]
Event: 163.291 Thread 0x0000018d86f1a800 Exception <a 'java/io/IOException'{0x000000070c61d388}> (0x000000070c61d388) thrown at [./src/hotspot/share/prims/jni.cpp, line 615]
Event: 165.302 Thread 0x0000018d86f1a800 Exception <a 'java/io/IOException'{0x000000070c013178}> (0x000000070c013178) thrown at [./src/hotspot/share/prims/jni.cpp, line 615]
Event: 167.295 Thread 0x0000018d86f1a800 Exception <a 'java/io/IOException'{0x000000070ba0bf68}> (0x000000070ba0bf68) thrown at [./src/hotspot/share/prims/jni.cpp, line 615]
Event: 169.290 Thread 0x0000018d86f1a800 Exception <a 'java/io/IOException'{0x000000070b406f68}> (0x000000070b406f68) thrown at [./src/hotspot/share/prims/jni.cpp, line 615]
Event: 171.294 Thread 0x0000018d86f1a800 Exception <a 'java/io/IOException'{0x000000070ae02f40}> (0x000000070ae02f40) thrown at [./src/hotspot/share/prims/jni.cpp, line 615]
Event: 173.294 Thread 0x0000018d86f1a800 Exception <a 'java/io/IOException'{0x000000070a8014f0}> (0x000000070a8014f0) thrown at [./src/hotspot/share/prims/jni.cpp, line 615]
Event: 175.295 Thread 0x0000018d86f1a800 Exception <a 'java/io/IOException'{0x000000070a280a80}> (0x000000070a280a80) thrown at [./src/hotspot/share/prims/jni.cpp, line 615]
Event: 177.291 Thread 0x0000018d86f1a800 Exception <a 'java/io/IOException'{0x0000000709c839c0}> (0x0000000709c839c0) thrown at [./src/hotspot/share/prims/jni.cpp, line 615]
Event: 179.782 Thread 0x0000018d86f1a800 Exception <a 'java/io/IOException'{0x0000000709686c88}> (0x0000000709686c88) thrown at [./src/hotspot/share/prims/jni.cpp, line 615]
Event: 181.792 Thread 0x0000018d86f1a800 Exception <a 'java/io/IOException'{0x000000070908aa98}> (0x000000070908aa98) thrown at [./src/hotspot/share/prims/jni.cpp, line 615]
Event: 184.806 Thread 0x0000018d86f1a800 Exception <a 'java/io/IOException'{0x0000000708a922d0}> (0x0000000708a922d0) thrown at [./src/hotspot/share/prims/jni.cpp, line 615]
Event: 186.812 Thread 0x0000018d86f1a800 Exception <a 'java/io/IOException'{0x0000000711704210}> (0x0000000711704210) thrown at [./src/hotspot/share/prims/jni.cpp, line 615]
Event: 189.287 Thread 0x0000018d86f1a800 Exception <a 'java/io/IOException'{0x000000071118dca0}> (0x000000071118dca0) thrown at [./src/hotspot/share/prims/jni.cpp, line 615]

Events (20 events):
Event: 184.864 Thread 0x0000018da8ed4800 Thread added: 0x0000018da8ed4800
Event: 184.864 Thread 0x0000018da8ed5800 Thread exited: 0x0000018da8ed5800
Event: 184.864 Executing VM operation: RevokeBias
Event: 184.864 Executing VM operation: RevokeBias done
Event: 186.807 Thread 0x0000018da8ed4800 Thread exited: 0x0000018da8ed4800
Event: 186.807 Thread 0x0000018da8ed3800 Thread exited: 0x0000018da8ed3800
Event: 186.837 Thread 0x0000018da8ed3000 Thread added: 0x0000018da8ed3000
Event: 186.841 Thread 0x0000018da8ed3800 Thread added: 0x0000018da8ed3800
Event: 186.842 Thread 0x0000018da8ed6000 Thread added: 0x0000018da8ed6000
Event: 186.842 Thread 0x0000018da8ed3800 Thread exited: 0x0000018da8ed3800
Event: 186.842 Executing VM operation: RevokeBias
Event: 186.842 Executing VM operation: RevokeBias done
Event: 189.282 Thread 0x0000018da8ed3000 Thread exited: 0x0000018da8ed3000
Event: 189.282 Thread 0x0000018da8ed6000 Thread exited: 0x0000018da8ed6000
Event: 189.307 Thread 0x0000018da8ed3000 Thread added: 0x0000018da8ed3000
Event: 189.331 Thread 0x0000018da8ed4800 Thread added: 0x0000018da8ed4800
Event: 189.331 Thread 0x0000018da8ed5800 Thread added: 0x0000018da8ed5800
Event: 189.331 Thread 0x0000018da8ed4800 Thread exited: 0x0000018da8ed4800
Event: 189.331 Executing VM operation: RevokeBias
Event: 189.331 Executing VM operation: RevokeBias done


Dynamic libraries:
0x00007ff758540000 - 0x00007ff75854a000 	C:\Program Files\Android\Android Studio1\jre\bin\java.exe
0x00007ffec52d0000 - 0x00007ffec54c5000 	C:\WINDOWS\SYSTEM32\ntdll.dll
0x00007ffec49d0000 - 0x00007ffec4a8e000 	C:\WINDOWS\System32\KERNEL32.DLL
0x00007ffec2cc0000 - 0x00007ffec2f89000 	C:\WINDOWS\System32\KERNELBASE.dll
0x00007ffec3070000 - 0x00007ffec3170000 	C:\WINDOWS\System32\ucrtbase.dll
0x00007ffe90340000 - 0x00007ffe90357000 	C:\Program Files\Android\Android Studio1\jre\bin\VCRUNTIME140.dll
0x00007ffe8f9a0000 - 0x00007ffe8f9b9000 	C:\Program Files\Android\Android Studio1\jre\bin\jli.dll
0x00007ffec3c00000 - 0x00007ffec3da1000 	C:\WINDOWS\System32\USER32.dll
0x00007ffeaa320000 - 0x00007ffeaa5ba000 	C:\WINDOWS\WinSxS\amd64_microsoft.windows.common-controls_6595b64144ccf1df_6.0.19041.1110_none_60b5254171f9507e\COMCTL32.dll
0x00007ffec2c90000 - 0x00007ffec2cb2000 	C:\WINDOWS\System32\win32u.dll
0x00007ffec4930000 - 0x00007ffec49ce000 	C:\WINDOWS\System32\msvcrt.dll
0x00007ffec3e10000 - 0x00007ffec3e3b000 	C:\WINDOWS\System32\GDI32.dll
0x00007ffec2a50000 - 0x00007ffec2b5b000 	C:\WINDOWS\System32\gdi32full.dll
0x00007ffec2bf0000 - 0x00007ffec2c8d000 	C:\WINDOWS\System32\msvcp_win.dll
0x00007ffec3a00000 - 0x00007ffec3a30000 	C:\WINDOWS\System32\IMM32.DLL
0x00007ffe8ff30000 - 0x00007ffe8ffcd000 	C:\Program Files\Android\Android Studio1\jre\bin\msvcp140.dll
0x00007ffe76770000 - 0x00007ffe7723f000 	C:\Program Files\Android\Android Studio1\jre\bin\server\jvm.dll
0x00007ffec51e0000 - 0x00007ffec528c000 	C:\WINDOWS\System32\ADVAPI32.dll
0x00007ffec4b00000 - 0x00007ffec4b9b000 	C:\WINDOWS\System32\sechost.dll
0x00007ffec3fe0000 - 0x00007ffec410a000 	C:\WINDOWS\System32\RPCRT4.dll
0x00007ffec3b60000 - 0x00007ffec3b68000 	C:\WINDOWS\System32\PSAPI.DLL
0x00007ffec0840000 - 0x00007ffec084a000 	C:\WINDOWS\SYSTEM32\VERSION.dll
0x00007ffebdcc0000 - 0x00007ffebdce7000 	C:\WINDOWS\SYSTEM32\WINMM.dll
0x00007ffeaee70000 - 0x00007ffeaee79000 	C:\WINDOWS\SYSTEM32\WSOCK32.dll
0x00007ffec4a90000 - 0x00007ffec4afb000 	C:\WINDOWS\System32\WS2_32.dll
0x00007ffec1580000 - 0x00007ffec1592000 	C:\WINDOWS\SYSTEM32\kernel.appcore.dll
0x00007ffe90320000 - 0x00007ffe90331000 	C:\Program Files\Android\Android Studio1\jre\bin\verify.dll
0x00007ffebfe50000 - 0x00007ffec0034000 	C:\WINDOWS\SYSTEM32\DBGHELP.DLL
0x00007ffebdc90000 - 0x00007ffebdcbc000 	C:\WINDOWS\SYSTEM32\dbgcore.DLL
0x00007ffec2b60000 - 0x00007ffec2be3000 	C:\WINDOWS\System32\bcryptPrimitives.dll
0x00007ffe902f0000 - 0x00007ffe90319000 	C:\Program Files\Android\Android Studio1\jre\bin\java.dll
0x00007ffea0440000 - 0x00007ffea044b000 	C:\Program Files\Android\Android Studio1\jre\bin\jimage.dll
0x00007ffe902d0000 - 0x00007ffe902e8000 	C:\Program Files\Android\Android Studio1\jre\bin\zip.dll
0x00007ffec4110000 - 0x00007ffec484f000 	C:\WINDOWS\System32\SHELL32.dll
0x00007ffec0ad0000 - 0x00007ffec1260000 	C:\WINDOWS\SYSTEM32\windows.storage.dll
0x00007ffec4e80000 - 0x00007ffec51d5000 	C:\WINDOWS\System32\combase.dll
0x00007ffec2440000 - 0x00007ffec246c000 	C:\WINDOWS\SYSTEM32\Wldp.dll
0x00007ffec3ab0000 - 0x00007ffec3b5e000 	C:\WINDOWS\System32\SHCORE.dll
0x00007ffec4e20000 - 0x00007ffec4e75000 	C:\WINDOWS\System32\shlwapi.dll
0x00007ffec2930000 - 0x00007ffec294f000 	C:\WINDOWS\SYSTEM32\profapi.dll
0x00007ffe902b0000 - 0x00007ffe902ca000 	C:\Program Files\Android\Android Studio1\jre\bin\net.dll
0x00007ffeb1890000 - 0x00007ffeb1998000 	C:\WINDOWS\SYSTEM32\WINHTTP.dll
0x00007ffec21a0000 - 0x00007ffec220a000 	C:\WINDOWS\system32\mswsock.dll
0x00007ffe90290000 - 0x00007ffe902a4000 	C:\Program Files\Android\Android Studio1\jre\bin\nio.dll
0x00007ffea9780000 - 0x00007ffea97a6000 	C:\Users\Interface\.gradle\native\fdc75f09e3144964f2cf3f50f0aa648679c211496f362492102eb8c894070792\windows-amd64\native-platform.dll
0x00007ffe75d10000 - 0x00007ffe75ea1000 	C:\Users\Interface\.gradle\native\12488b8bf47d2d4c9fbf2f6322a914ad602e24e48041cd04a747c6da556b65c4\windows-amd64\native-platform-file-events.dll
0x00007ffe901f0000 - 0x00007ffe901fa000 	C:\Program Files\Android\Android Studio1\jre\bin\management.dll
0x00007ffe901e0000 - 0x00007ffe901ec000 	C:\Program Files\Android\Android Studio1\jre\bin\management_ext.dll
0x00007ffec2390000 - 0x00007ffec23a8000 	C:\WINDOWS\SYSTEM32\CRYPTSP.dll
0x00007ffec1ab0000 - 0x00007ffec1ae4000 	C:\WINDOWS\system32\rsaenh.dll
0x00007ffec2f90000 - 0x00007ffec2fb7000 	C:\WINDOWS\System32\bcrypt.dll
0x00007ffec28b0000 - 0x00007ffec28de000 	C:\WINDOWS\SYSTEM32\USERENV.dll
0x00007ffec23b0000 - 0x00007ffec23bc000 	C:\WINDOWS\SYSTEM32\CRYPTBASE.dll
0x00007ffec1e40000 - 0x00007ffec1e7b000 	C:\WINDOWS\SYSTEM32\IPHLPAPI.DLL
0x00007ffec3e40000 - 0x00007ffec3e48000 	C:\WINDOWS\System32\NSI.dll
0x00007ffeb98c0000 - 0x00007ffeb98d7000 	C:\WINDOWS\SYSTEM32\dhcpcsvc6.DLL
0x00007ffeb9a70000 - 0x00007ffeb9a8d000 	C:\WINDOWS\SYSTEM32\dhcpcsvc.DLL
0x00007ffec1e80000 - 0x00007ffec1f4c000 	C:\WINDOWS\SYSTEM32\DNSAPI.dll
0x00007ffebabf0000 - 0x00007ffebabfb000 	C:\WINDOWS\SYSTEM32\WINNSI.DLL

dbghelp: loaded successfully - version: 4.0.5 - missing functions: none
symbol engine: initialized successfully - sym options: 0x614 - pdb path: .;C:\Program Files\Android\Android Studio1\jre\bin;C:\WINDOWS\SYSTEM32;C:\WINDOWS\WinSxS\amd64_microsoft.windows.common-controls_6595b64144ccf1df_6.0.19041.1110_none_60b5254171f9507e;C:\Program Files\Android\Android Studio1\jre\bin\server;C:\Users\Interface\.gradle\native\fdc75f09e3144964f2cf3f50f0aa648679c211496f362492102eb8c894070792\windows-amd64;C:\Users\Interface\.gradle\native\12488b8bf47d2d4c9fbf2f6322a914ad602e24e48041cd04a747c6da556b65c4\windows-amd64

VM Arguments:
jvm_args: -Dorg.gradle.appname=gradlew 
java_command: org.gradle.wrapper.GradleWrapperMain -q -Ptarget-platform=android-arm64 -Ptarget=C:\Users\Interface\AndroidStudioProjects\myapp2\lib\main.dart -Pdart-defines=Zmx1dHRlci5pbnNwZWN0b3Iuc3RydWN0dXJlZEVycm9ycz10cnVl,RkxVVFRFUl9XRUJfQVVUT19ERVRFQ1Q9dHJ1ZQ== -Pdart-obfuscation=false -Ptrack-widget-creation=true -Ptree-shake-icons=false -Pfilesystem-scheme=org-dartlang-root assembleDebug
java_class_path (initial): C:\Users\Interface\AndroidStudioProjects\myapp2\android\\gradle\wrapper\gradle-wrapper.jar
Launcher Type: SUN_STANDARD

[Global flags]
     intx CICompilerCount                          = 4                                         {product} {ergonomic}
     uint ConcGCThreads                            = 2                                         {product} {ergonomic}
     uint G1ConcRefinementThreads                  = 8                                         {product} {ergonomic}
   size_t G1HeapRegionSize                         = 1048576                                   {product} {ergonomic}
    uintx GCDrainStackTargetSize                   = 64                                        {product} {ergonomic}
   size_t InitialHeapSize                          = 268435456                                 {product} {ergonomic}
   size_t MarkStackSize                            = 4194304                                   {product} {ergonomic}
   size_t MaxHeapSize                              = 4263510016                                {product} {ergonomic}
   size_t MaxNewSize                               = 2557476864                                {product} {ergonomic}
   size_t MinHeapDeltaBytes                        = 1048576                                   {product} {ergonomic}
    uintx NonNMethodCodeHeapSize                   = 5836300                                {pd product} {ergonomic}
    uintx NonProfiledCodeHeapSize                  = 122910970                              {pd product} {ergonomic}
    uintx ProfiledCodeHeapSize                     = 122910970                              {pd product} {ergonomic}
    uintx ReservedCodeCacheSize                    = 251658240                              {pd product} {ergonomic}
     bool SegmentedCodeCache                       = true                                      {product} {ergonomic}
     bool UseCompressedClassPointers               = true                                 {lp64_product} {ergonomic}
     bool UseCompressedOops                        = true                                 {lp64_product} {ergonomic}
     bool UseG1GC                                  = true                                      {product} {ergonomic}
     bool UseLargePagesIndividualAllocation        = false                                  {pd product} {ergonomic}

Logging:
Log output configuration:
 #0: stdout all=warning uptime,level,tags
 #1: stderr all=off uptime,level,tags

Environment Variables:
JAVA_HOME=C:\Program Files\Android\Android Studio1\jre
CLASSPATH=C:\Users\Interface\AndroidStudioProjects\myapp2\android\\gradle\wrapper\gradle-wrapper.jar
PATH=C:\Program Files (x86)\Common Files\Oracle\Java\javapath;C:\WINDOWS\system32;C:\WINDOWS;C:\WINDOWS\System32\Wbem;C:\WINDOWS\System32\WindowsPowerShell\v1.0\;C:\WINDOWS\System32\OpenSSH\;C:\Program Files\Dart\dart-sdk\bin;C:\src\flutter\bin;C:\Users\Interface\AppData\Local\Microsoft\WindowsApps;C:\Program Files\Dart\dart-sdk\bin;;C:\src\flutter\bin\mingit\cmd
USERNAME=Interface
OS=Windows_NT
PROCESSOR_IDENTIFIER=Intel64 Family 6 Model 142 Stepping 12, GenuineIntel



---------------  S Y S T E M  ---------------

OS: Windows 10 , 64 bit Build 19041 (10.0.19041.1202)
OS uptime: 0 days 0:10 hours

CPU:total 8 (initial active 8) (4 cores per cpu, 2 threads per core) family 6 model 142 stepping 12 microcode 0xb8, cmov, cx8, fxsr, mmx, sse, sse2, sse3, ssse3, sse4.1, sse4.2, popcnt, avx, avx2, aes, clmul, erms, 3dnowpref, lzcnt, ht, tsc, tscinvbit, bmi1, bmi2, adx, fma

Memory: 4k page, system-wide physical 16256M (367M free)
TotalPageFile size 34836M (AvailPageFile size 6M)
current process WorkingSet (physical memory assigned to process): 233M, peak: 257M
current process commit charge ("private bytes"): 361M, peak: 398M

vm_info: OpenJDK 64-Bit Server VM (11.0.10+0-b96-7249189) for windows-amd64 JRE (11.0.10+0-b96-7249189), built on Mar 31 2021 21:44:00 by "builder" with MS VC++ 14.0 (VS2015)

END.
