#
# There is insufficient memory for the Java Runtime Environment to continue.
# Native memory allocation (malloc) failed to allocate 460496 bytes for Chunk::new
# Possible reasons:
#   The system is out of physical RAM or swap space
#   The process is running with CompressedOops enabled, and the Java Heap may be blocking the growth of the native heap
# Possible solutions:
#   Reduce memory load on the system
#   Increase physical memory or swap space
#   Check if swap backing store is full
#   Decrease Java heap size (-Xmx/-Xms)
#   Decrease number of Java threads
#   Decrease Java thread stack sizes (-Xss)
#   Set larger code cache with -XX:ReservedCodeCacheSize=
#   JVM is running with Unscaled Compressed Oops mode in which the Java heap is
#     placed in the first 4GB address space. The Java Heap base address is the
#     maximum limit for the native heap growth. Please use -XX:HeapBaseMinAddress
#     to set the Java Heap base and to place the Java Heap above 4GB virtual address.
# This output file may be truncated or incomplete.
#
#  Out of Memory Error (./src/hotspot/share/memory/arena.cpp:197), pid=7264, tid=18884
#
# JRE version: OpenJDK Runtime Environment (11.0.10) (build 11.0.10+0-b96-7249189)
# Java VM: OpenJDK 64-Bit Server VM (11.0.10+0-b96-7249189, mixed mode, tiered, compressed oops, g1 gc, windows-amd64)
# No core dump will be written. Minidumps are not enabled by default on client versions of Windows
#

---------------  S U M M A R Y ------------

Command Line: --add-opens=java.base/java.util=ALL-UNNAMED --add-opens=java.base/java.lang=ALL-UNNAMED --add-opens=java.base/java.lang.invoke=ALL-UNNAMED --add-opens=java.prefs/java.util.prefs=ALL-UNNAMED -Xmx1536M -Dfile.encoding=windows-1252 -Duser.country=US -Duser.language=en -Duser.variant org.gradle.launcher.daemon.bootstrap.GradleDaemon 6.7

Host: Intel(R) Core(TM) i7-8565U CPU @ 1.80GHz, 8 cores, 15G,  Windows 10 , 64 bit Build 19041 (10.0.19041.1202)
Time: Tue Sep 28 16:09:20 2021 Egypt Standard Time elapsed time: 12.331057 seconds (0d 0h 0m 12s)

---------------  T H R E A D  ---------------

Current thread (0x000002aea08b1000):  JavaThread "C2 CompilerThread0" daemon [_thread_in_native, id=18884, stack(0x000000ba13a00000,0x000000ba13b00000)]


Current CompileTask:
C2:  12331 2002   !   4       java.util.zip.InflaterInputStream::read (138 bytes)

Stack: [0x000000ba13a00000,0x000000ba13b00000]
Native frames: (J=compiled Java code, j=interpreted, Vv=VM code, C=native code)
V  [jvm.dll+0x5ecfaa]
V  [jvm.dll+0x722bd5]
V  [jvm.dll+0x72412d]
V  [jvm.dll+0x7247e3]
V  [jvm.dll+0x242928]
V  [jvm.dll+0xbc4fc]
V  [jvm.dll+0xbca0c]
V  [jvm.dll+0x352d3b]
V  [jvm.dll+0x320ad3]
V  [jvm.dll+0x31ffca]
V  [jvm.dll+0x1fb602]
V  [jvm.dll+0x1fa7f4]
V  [jvm.dll+0x18354c]
V  [jvm.dll+0x208ee7]
V  [jvm.dll+0x207731]
V  [jvm.dll+0x6eb1cf]
V  [jvm.dll+0x6e3d45]
V  [jvm.dll+0x5ebe96]
C  [ucrtbase.dll+0x21bb2]
C  [KERNEL32.DLL+0x17034]
C  [ntdll.dll+0x52651]


---------------  P R O C E S S  ---------------

Threads class SMR info:
_java_thread_list=0x000002aea4118e30, length=23, elements={
0x000002ae86e6d800, 0x000002aea0825800, 0x000002aea084a800, 0x000002aea08aa800,
0x000002aea08ac800, 0x000002aea08ae000, 0x000002aea08b1000, 0x000002aea08b2000,
0x000002aea08b5000, 0x000002aea0a20800, 0x000002aea1aab000, 0x000002aea2a6b800,
0x000002aea23fb000, 0x000002aea27ac800, 0x000002aea29d5000, 0x000002aea2ac0800,
0x000002aea2443800, 0x000002aea42c0000, 0x000002aea2441000, 0x000002aea2d33800,
0x000002aea2d34800, 0x000002aea2d35800, 0x000002aea2d37000
}

Java Threads: ( => current thread )
  0x000002ae86e6d800 JavaThread "main" [_thread_blocked, id=9332, stack(0x000000ba12e00000,0x000000ba12f00000)]
  0x000002aea0825800 JavaThread "Reference Handler" daemon [_thread_blocked, id=8716, stack(0x000000ba13500000,0x000000ba13600000)]
  0x000002aea084a800 JavaThread "Finalizer" daemon [_thread_blocked, id=17432, stack(0x000000ba13600000,0x000000ba13700000)]
  0x000002aea08aa800 JavaThread "Signal Dispatcher" daemon [_thread_blocked, id=19140, stack(0x000000ba13700000,0x000000ba13800000)]
  0x000002aea08ac800 JavaThread "Attach Listener" daemon [_thread_blocked, id=19028, stack(0x000000ba13800000,0x000000ba13900000)]
  0x000002aea08ae000 JavaThread "Service Thread" daemon [_thread_blocked, id=18480, stack(0x000000ba13900000,0x000000ba13a00000)]
=>0x000002aea08b1000 JavaThread "C2 CompilerThread0" daemon [_thread_in_native, id=18884, stack(0x000000ba13a00000,0x000000ba13b00000)]
  0x000002aea08b2000 JavaThread "C1 CompilerThread0" daemon [_thread_blocked, id=19244, stack(0x000000ba13b00000,0x000000ba13c00000)]
  0x000002aea08b5000 JavaThread "Sweeper thread" daemon [_thread_blocked, id=7920, stack(0x000000ba13c00000,0x000000ba13d00000)]
  0x000002aea0a20800 JavaThread "Common-Cleaner" daemon [_thread_blocked, id=10056, stack(0x000000ba13d00000,0x000000ba13e00000)]
  0x000002aea1aab000 JavaThread "Daemon health stats" [_thread_blocked, id=2860, stack(0x000000ba14500000,0x000000ba14600000)]
  0x000002aea2a6b800 JavaThread "Incoming local TCP Connector on port 58885" [_thread_in_native, id=7188, stack(0x000000ba14800000,0x000000ba14900000)]
  0x000002aea23fb000 JavaThread "Daemon periodic checks" [_thread_blocked, id=19320, stack(0x000000ba14a00000,0x000000ba14b00000)]
  0x000002aea27ac800 JavaThread "Daemon" [_thread_blocked, id=12172, stack(0x000000ba14b00000,0x000000ba14c00000)]
  0x000002aea29d5000 JavaThread "Handler for socket connection from /127.0.0.1:58885 to /127.0.0.1:58888" [_thread_in_native, id=10176, stack(0x000000ba14c00000,0x000000ba14d00000)]
  0x000002aea2ac0800 JavaThread "Cancel handler" [_thread_blocked, id=18844, stack(0x000000ba14d00000,0x000000ba14e00000)]
  0x000002aea2443800 JavaThread "Daemon worker" [_thread_in_native, id=17384, stack(0x000000ba14e00000,0x000000ba14f00000)]
  0x000002aea42c0000 JavaThread "Asynchronous log dispatcher for DefaultDaemonConnection: socket connection from /127.0.0.1:58885 to /127.0.0.1:58888" [_thread_blocked, id=19216, stack(0x000000ba14f00000,0x000000ba15000000)]
  0x000002aea2441000 JavaThread "Stdin handler" [_thread_blocked, id=7756, stack(0x000000ba15000000,0x000000ba15100000)]
  0x000002aea2d33800 JavaThread "Thread-8" [_thread_blocked, id=15968, stack(0x000000ba15100000,0x000000ba15200000)]
  0x000002aea2d34800 JavaThread "Cache worker for file hash cache (C:\Users\Interface\.gradle\caches\6.7\fileHashes)" [_thread_blocked, id=15604, stack(0x000000ba13f00000,0x000000ba14000000)]
  0x000002aea2d35800 JavaThread "File lock request listener" [_thread_in_native, id=15860, stack(0x000000ba14900000,0x000000ba14a00000)]
  0x000002aea2d37000 JavaThread "Cache worker for journal cache (C:\Users\Interface\.gradle\caches\journal-1)" [_thread_blocked, id=6192, stack(0x000000ba15200000,0x000000ba15300000)]

Other Threads:
  0x000002aea0822800 VMThread "VM Thread" [stack: 0x000000ba13400000,0x000000ba13500000] [id=7084]
  0x000002aea0a60800 WatcherThread [stack: 0x000000ba13e00000,0x000000ba13f00000] [id=4036]
  0x000002ae86e84000 GCTaskThread "GC Thread#0" [stack: 0x000000ba12f00000,0x000000ba13000000] [id=18584]
  0x000002aea17ae000 GCTaskThread "GC Thread#1" [stack: 0x000000ba14000000,0x000000ba14100000] [id=4152]
  0x000002aea1685000 GCTaskThread "GC Thread#2" [stack: 0x000000ba14100000,0x000000ba14200000] [id=18572]
  0x000002aea1550000 GCTaskThread "GC Thread#3" [stack: 0x000000ba14200000,0x000000ba14300000] [id=10560]
  0x000002aea15ab000 GCTaskThread "GC Thread#4" [stack: 0x000000ba14300000,0x000000ba14400000] [id=17276]
  0x000002aea15ab800 GCTaskThread "GC Thread#5" [stack: 0x000000ba14400000,0x000000ba14500000] [id=1652]
  0x000002aea0f6e000 GCTaskThread "GC Thread#6" [stack: 0x000000ba15300000,0x000000ba15400000] [id=7408]
  0x000002aea0b1f000 GCTaskThread "GC Thread#7" [stack: 0x000000ba15400000,0x000000ba15500000] [id=12800]
  0x000002ae86eab000 ConcurrentGCThread "G1 Main Marker" [stack: 0x000000ba13000000,0x000000ba13100000] [id=9528]
  0x000002ae86eaf000 ConcurrentGCThread "G1 Conc#0" [stack: 0x000000ba13100000,0x000000ba13200000] [id=4796]
  0x000002aea205a000 ConcurrentGCThread "G1 Conc#1" [stack: 0x000000ba15500000,0x000000ba15600000] [id=16364]
  0x000002ae9fe86800 ConcurrentGCThread "G1 Refine#0" [stack: 0x000000ba13200000,0x000000ba13300000] [id=17568]
  0x000002ae9fe87000 ConcurrentGCThread "G1 Young RemSet Sampling" [stack: 0x000000ba13300000,0x000000ba13400000] [id=6864]

Threads with active compile tasks:
C2 CompilerThread0  12986 2002   !   4       java.util.zip.InflaterInputStream::read (138 bytes)

VM state:not at safepoint (normal execution)

VM Mutex/Monitor currently owned by a thread: None

Heap address: 0x00000000a0000000, size: 1536 MB, Compressed Oops mode: 32-bit
Narrow klass base: 0x0000000000000000, Narrow klass shift: 3
Compressed class space size: 1073741824 Address: 0x0000000100000000

Heap:
 garbage-first heap   total 262144K, used 19949K [0x00000000a0000000, 0x0000000100000000)
  region size 1024K, 16 young (16384K), 11 survivors (11264K)
 Metaspace       used 21066K, capacity 21548K, committed 21760K, reserved 1069056K
  class space    used 2626K, capacity 2791K, committed 2816K, reserved 1048576K
Heap Regions: E=young(eden), S=young(survivor), O=old, HS=humongous(starts), HC=humongous(continues), CS=collection set, F=free, A=archive, TAMS=top-at-mark-start (previous, next)
|   0|0x00000000a0000000, 0x00000000a0000000, 0x00000000a0100000|  0%| F|  |TAMS 0x00000000a0000000, 0x00000000a0000000| Untracked 
|   1|0x00000000a0100000, 0x00000000a0100000, 0x00000000a0200000|  0%| F|  |TAMS 0x00000000a0100000, 0x00000000a0100000| Untracked 
|   2|0x00000000a0200000, 0x00000000a0200000, 0x00000000a0300000|  0%| F|  |TAMS 0x00000000a0200000, 0x00000000a0200000| Untracked 
|   3|0x00000000a0300000, 0x00000000a0400000, 0x00000000a0400000|100%|HS|  |TAMS 0x00000000a0400000, 0x00000000a0300000| Complete 
|   4|0x00000000a0400000, 0x00000000a0500000, 0x00000000a0500000|100%|HC|  |TAMS 0x00000000a0500000, 0x00000000a0400000| Complete 
|   5|0x00000000a0500000, 0x00000000a0600000, 0x00000000a0600000|100%|HC|  |TAMS 0x00000000a0600000, 0x00000000a0500000| Complete 
|   6|0x00000000a0600000, 0x00000000a0700000, 0x00000000a0700000|100%| O|  |TAMS 0x00000000a0700000, 0x00000000a0600000| Untracked 
|   7|0x00000000a0700000, 0x00000000a0800000, 0x00000000a0800000|100%| O|  |TAMS 0x00000000a0800000, 0x00000000a0700000| Untracked 
|   8|0x00000000a0800000, 0x00000000a086e200, 0x00000000a0900000| 43%| O|  |TAMS 0x00000000a086e200, 0x00000000a0800000| Untracked 
|   9|0x00000000a0900000, 0x00000000a0900000, 0x00000000a0a00000|  0%| F|  |TAMS 0x00000000a0900000, 0x00000000a0900000| Untracked 
|  10|0x00000000a0a00000, 0x00000000a0a00000, 0x00000000a0b00000|  0%| F|  |TAMS 0x00000000a0a00000, 0x00000000a0a00000| Untracked 
|  11|0x00000000a0b00000, 0x00000000a0b00000, 0x00000000a0c00000|  0%| F|  |TAMS 0x00000000a0b00000, 0x00000000a0b00000| Untracked 
|  12|0x00000000a0c00000, 0x00000000a0c00000, 0x00000000a0d00000|  0%| F|  |TAMS 0x00000000a0c00000, 0x00000000a0c00000| Untracked 
|  13|0x00000000a0d00000, 0x00000000a0d00000, 0x00000000a0e00000|  0%| F|  |TAMS 0x00000000a0d00000, 0x00000000a0d00000| Untracked 
|  14|0x00000000a0e00000, 0x00000000a0e00000, 0x00000000a0f00000|  0%| F|  |TAMS 0x00000000a0e00000, 0x00000000a0e00000| Untracked 
|  15|0x00000000a0f00000, 0x00000000a0f00000, 0x00000000a1000000|  0%| F|  |TAMS 0x00000000a0f00000, 0x00000000a0f00000| Untracked 
|  16|0x00000000a1000000, 0x00000000a1000000, 0x00000000a1100000|  0%| F|  |TAMS 0x00000000a1000000, 0x00000000a1000000| Untracked 
|  17|0x00000000a1100000, 0x00000000a1100000, 0x00000000a1200000|  0%| F|  |TAMS 0x00000000a1100000, 0x00000000a1100000| Untracked 
|  18|0x00000000a1200000, 0x00000000a1200000, 0x00000000a1300000|  0%| F|  |TAMS 0x00000000a1200000, 0x00000000a1200000| Untracked 
|  19|0x00000000a1300000, 0x00000000a1300000, 0x00000000a1400000|  0%| F|  |TAMS 0x00000000a1300000, 0x00000000a1300000| Untracked 
|  20|0x00000000a1400000, 0x00000000a1400000, 0x00000000a1500000|  0%| F|  |TAMS 0x00000000a1400000, 0x00000000a1400000| Untracked 
|  21|0x00000000a1500000, 0x00000000a1500000, 0x00000000a1600000|  0%| F|  |TAMS 0x00000000a1500000, 0x00000000a1500000| Untracked 
|  22|0x00000000a1600000, 0x00000000a1600000, 0x00000000a1700000|  0%| F|  |TAMS 0x00000000a1600000, 0x00000000a1600000| Untracked 
|  23|0x00000000a1700000, 0x00000000a1700000, 0x00000000a1800000|  0%| F|  |TAMS 0x00000000a1700000, 0x00000000a1700000| Untracked 
|  24|0x00000000a1800000, 0x00000000a1800000, 0x00000000a1900000|  0%| F|  |TAMS 0x00000000a1800000, 0x00000000a1800000| Untracked 
|  25|0x00000000a1900000, 0x00000000a1900000, 0x00000000a1a00000|  0%| F|  |TAMS 0x00000000a1900000, 0x00000000a1900000| Untracked 
|  26|0x00000000a1a00000, 0x00000000a1a00000, 0x00000000a1b00000|  0%| F|  |TAMS 0x00000000a1a00000, 0x00000000a1a00000| Untracked 
|  27|0x00000000a1b00000, 0x00000000a1b00000, 0x00000000a1c00000|  0%| F|  |TAMS 0x00000000a1b00000, 0x00000000a1b00000| Untracked 
|  28|0x00000000a1c00000, 0x00000000a1c00000, 0x00000000a1d00000|  0%| F|  |TAMS 0x00000000a1c00000, 0x00000000a1c00000| Untracked 
|  29|0x00000000a1d00000, 0x00000000a1d00000, 0x00000000a1e00000|  0%| F|  |TAMS 0x00000000a1d00000, 0x00000000a1d00000| Untracked 
|  30|0x00000000a1e00000, 0x00000000a1e00000, 0x00000000a1f00000|  0%| F|  |TAMS 0x00000000a1e00000, 0x00000000a1e00000| Untracked 
|  31|0x00000000a1f00000, 0x00000000a1f00000, 0x00000000a2000000|  0%| F|  |TAMS 0x00000000a1f00000, 0x00000000a1f00000| Untracked 
|  32|0x00000000a2000000, 0x00000000a2000000, 0x00000000a2100000|  0%| F|  |TAMS 0x00000000a2000000, 0x00000000a2000000| Untracked 
|  33|0x00000000a2100000, 0x00000000a2100000, 0x00000000a2200000|  0%| F|  |TAMS 0x00000000a2100000, 0x00000000a2100000| Untracked 
|  34|0x00000000a2200000, 0x00000000a2200000, 0x00000000a2300000|  0%| F|  |TAMS 0x00000000a2200000, 0x00000000a2200000| Untracked 
|  35|0x00000000a2300000, 0x00000000a2300000, 0x00000000a2400000|  0%| F|  |TAMS 0x00000000a2300000, 0x00000000a2300000| Untracked 
|  36|0x00000000a2400000, 0x00000000a2400000, 0x00000000a2500000|  0%| F|  |TAMS 0x00000000a2400000, 0x00000000a2400000| Untracked 
|  37|0x00000000a2500000, 0x00000000a2500000, 0x00000000a2600000|  0%| F|  |TAMS 0x00000000a2500000, 0x00000000a2500000| Untracked 
|  38|0x00000000a2600000, 0x00000000a2600000, 0x00000000a2700000|  0%| F|  |TAMS 0x00000000a2600000, 0x00000000a2600000| Untracked 
|  39|0x00000000a2700000, 0x00000000a2700000, 0x00000000a2800000|  0%| F|  |TAMS 0x00000000a2700000, 0x00000000a2700000| Untracked 
|  40|0x00000000a2800000, 0x00000000a2800000, 0x00000000a2900000|  0%| F|  |TAMS 0x00000000a2800000, 0x00000000a2800000| Untracked 
|  41|0x00000000a2900000, 0x00000000a2900000, 0x00000000a2a00000|  0%| F|  |TAMS 0x00000000a2900000, 0x00000000a2900000| Untracked 
|  42|0x00000000a2a00000, 0x00000000a2a00000, 0x00000000a2b00000|  0%| F|  |TAMS 0x00000000a2a00000, 0x00000000a2a00000| Untracked 
|  43|0x00000000a2b00000, 0x00000000a2b00000, 0x00000000a2c00000|  0%| F|  |TAMS 0x00000000a2b00000, 0x00000000a2b00000| Untracked 
|  44|0x00000000a2c00000, 0x00000000a2c00000, 0x00000000a2d00000|  0%| F|  |TAMS 0x00000000a2c00000, 0x00000000a2c00000| Untracked 
|  45|0x00000000a2d00000, 0x00000000a2d00000, 0x00000000a2e00000|  0%| F|  |TAMS 0x00000000a2d00000, 0x00000000a2d00000| Untracked 
|  46|0x00000000a2e00000, 0x00000000a2e00000, 0x00000000a2f00000|  0%| F|  |TAMS 0x00000000a2e00000, 0x00000000a2e00000| Untracked 
|  47|0x00000000a2f00000, 0x00000000a2f00000, 0x00000000a3000000|  0%| F|  |TAMS 0x00000000a2f00000, 0x00000000a2f00000| Untracked 
|  48|0x00000000a3000000, 0x00000000a3000000, 0x00000000a3100000|  0%| F|  |TAMS 0x00000000a3000000, 0x00000000a3000000| Untracked 
|  49|0x00000000a3100000, 0x00000000a3100000, 0x00000000a3200000|  0%| F|  |TAMS 0x00000000a3100000, 0x00000000a3100000| Untracked 
|  50|0x00000000a3200000, 0x00000000a3200000, 0x00000000a3300000|  0%| F|  |TAMS 0x00000000a3200000, 0x00000000a3200000| Untracked 
|  51|0x00000000a3300000, 0x00000000a3300000, 0x00000000a3400000|  0%| F|  |TAMS 0x00000000a3300000, 0x00000000a3300000| Untracked 
|  52|0x00000000a3400000, 0x00000000a3400000, 0x00000000a3500000|  0%| F|  |TAMS 0x00000000a3400000, 0x00000000a3400000| Untracked 
|  53|0x00000000a3500000, 0x00000000a3500000, 0x00000000a3600000|  0%| F|  |TAMS 0x00000000a3500000, 0x00000000a3500000| Untracked 
|  54|0x00000000a3600000, 0x00000000a3600000, 0x00000000a3700000|  0%| F|  |TAMS 0x00000000a3600000, 0x00000000a3600000| Untracked 
|  55|0x00000000a3700000, 0x00000000a3700000, 0x00000000a3800000|  0%| F|  |TAMS 0x00000000a3700000, 0x00000000a3700000| Untracked 
|  56|0x00000000a3800000, 0x00000000a3800000, 0x00000000a3900000|  0%| F|  |TAMS 0x00000000a3800000, 0x00000000a3800000| Untracked 
|  57|0x00000000a3900000, 0x00000000a3900000, 0x00000000a3a00000|  0%| F|  |TAMS 0x00000000a3900000, 0x00000000a3900000| Untracked 
|  58|0x00000000a3a00000, 0x00000000a3a00000, 0x00000000a3b00000|  0%| F|  |TAMS 0x00000000a3a00000, 0x00000000a3a00000| Untracked 
|  59|0x00000000a3b00000, 0x00000000a3b00000, 0x00000000a3c00000|  0%| F|  |TAMS 0x00000000a3b00000, 0x00000000a3b00000| Untracked 
|  60|0x00000000a3c00000, 0x00000000a3c00000, 0x00000000a3d00000|  0%| F|  |TAMS 0x00000000a3c00000, 0x00000000a3c00000| Untracked 
|  61|0x00000000a3d00000, 0x00000000a3d00000, 0x00000000a3e00000|  0%| F|  |TAMS 0x00000000a3d00000, 0x00000000a3d00000| Untracked 
|  62|0x00000000a3e00000, 0x00000000a3e00000, 0x00000000a3f00000|  0%| F|  |TAMS 0x00000000a3e00000, 0x00000000a3e00000| Untracked 
|  63|0x00000000a3f00000, 0x00000000a3f00000, 0x00000000a4000000|  0%| F|  |TAMS 0x00000000a3f00000, 0x00000000a3f00000| Untracked 
|  64|0x00000000a4000000, 0x00000000a4000000, 0x00000000a4100000|  0%| F|  |TAMS 0x00000000a4000000, 0x00000000a4000000| Untracked 
|  65|0x00000000a4100000, 0x00000000a4100000, 0x00000000a4200000|  0%| F|  |TAMS 0x00000000a4100000, 0x00000000a4100000| Untracked 
|  66|0x00000000a4200000, 0x00000000a4200000, 0x00000000a4300000|  0%| F|  |TAMS 0x00000000a4200000, 0x00000000a4200000| Untracked 
|  67|0x00000000a4300000, 0x00000000a4300000, 0x00000000a4400000|  0%| F|  |TAMS 0x00000000a4300000, 0x00000000a4300000| Untracked 
|  68|0x00000000a4400000, 0x00000000a4400000, 0x00000000a4500000|  0%| F|  |TAMS 0x00000000a4400000, 0x00000000a4400000| Untracked 
|  69|0x00000000a4500000, 0x00000000a4500000, 0x00000000a4600000|  0%| F|  |TAMS 0x00000000a4500000, 0x00000000a4500000| Untracked 
|  70|0x00000000a4600000, 0x00000000a4600000, 0x00000000a4700000|  0%| F|  |TAMS 0x00000000a4600000, 0x00000000a4600000| Untracked 
|  71|0x00000000a4700000, 0x00000000a4700000, 0x00000000a4800000|  0%| F|  |TAMS 0x00000000a4700000, 0x00000000a4700000| Untracked 
|  72|0x00000000a4800000, 0x00000000a4800000, 0x00000000a4900000|  0%| F|  |TAMS 0x00000000a4800000, 0x00000000a4800000| Untracked 
|  73|0x00000000a4900000, 0x00000000a4900000, 0x00000000a4a00000|  0%| F|  |TAMS 0x00000000a4900000, 0x00000000a4900000| Untracked 
|  74|0x00000000a4a00000, 0x00000000a4a00000, 0x00000000a4b00000|  0%| F|  |TAMS 0x00000000a4a00000, 0x00000000a4a00000| Untracked 
|  75|0x00000000a4b00000, 0x00000000a4b00000, 0x00000000a4c00000|  0%| F|  |TAMS 0x00000000a4b00000, 0x00000000a4b00000| Untracked 
|  76|0x00000000a4c00000, 0x00000000a4c00000, 0x00000000a4d00000|  0%| F|  |TAMS 0x00000000a4c00000, 0x00000000a4c00000| Untracked 
|  77|0x00000000a4d00000, 0x00000000a4d00000, 0x00000000a4e00000|  0%| F|  |TAMS 0x00000000a4d00000, 0x00000000a4d00000| Untracked 
|  78|0x00000000a4e00000, 0x00000000a4e00000, 0x00000000a4f00000|  0%| F|  |TAMS 0x00000000a4e00000, 0x00000000a4e00000| Untracked 
|  79|0x00000000a4f00000, 0x00000000a4f00000, 0x00000000a5000000|  0%| F|  |TAMS 0x00000000a4f00000, 0x00000000a4f00000| Untracked 
|  80|0x00000000a5000000, 0x00000000a5000000, 0x00000000a5100000|  0%| F|  |TAMS 0x00000000a5000000, 0x00000000a5000000| Untracked 
|  81|0x00000000a5100000, 0x00000000a5100000, 0x00000000a5200000|  0%| F|  |TAMS 0x00000000a5100000, 0x00000000a5100000| Untracked 
|  82|0x00000000a5200000, 0x00000000a5200000, 0x00000000a5300000|  0%| F|  |TAMS 0x00000000a5200000, 0x00000000a5200000| Untracked 
|  83|0x00000000a5300000, 0x00000000a5300000, 0x00000000a5400000|  0%| F|  |TAMS 0x00000000a5300000, 0x00000000a5300000| Untracked 
|  84|0x00000000a5400000, 0x00000000a5400000, 0x00000000a5500000|  0%| F|  |TAMS 0x00000000a5400000, 0x00000000a5400000| Untracked 
|  85|0x00000000a5500000, 0x00000000a5500000, 0x00000000a5600000|  0%| F|  |TAMS 0x00000000a5500000, 0x00000000a5500000| Untracked 
|  86|0x00000000a5600000, 0x00000000a5600000, 0x00000000a5700000|  0%| F|  |TAMS 0x00000000a5600000, 0x00000000a5600000| Untracked 
|  87|0x00000000a5700000, 0x00000000a5700000, 0x00000000a5800000|  0%| F|  |TAMS 0x00000000a5700000, 0x00000000a5700000| Untracked 
|  88|0x00000000a5800000, 0x00000000a5800000, 0x00000000a5900000|  0%| F|  |TAMS 0x00000000a5800000, 0x00000000a5800000| Untracked 
|  89|0x00000000a5900000, 0x00000000a5900000, 0x00000000a5a00000|  0%| F|  |TAMS 0x00000000a5900000, 0x00000000a5900000| Untracked 
|  90|0x00000000a5a00000, 0x00000000a5a00000, 0x00000000a5b00000|  0%| F|  |TAMS 0x00000000a5a00000, 0x00000000a5a00000| Untracked 
|  91|0x00000000a5b00000, 0x00000000a5b00000, 0x00000000a5c00000|  0%| F|  |TAMS 0x00000000a5b00000, 0x00000000a5b00000| Untracked 
|  92|0x00000000a5c00000, 0x00000000a5c00000, 0x00000000a5d00000|  0%| F|  |TAMS 0x00000000a5c00000, 0x00000000a5c00000| Untracked 
|  93|0x00000000a5d00000, 0x00000000a5d00000, 0x00000000a5e00000|  0%| F|  |TAMS 0x00000000a5d00000, 0x00000000a5d00000| Untracked 
|  94|0x00000000a5e00000, 0x00000000a5e00000, 0x00000000a5f00000|  0%| F|  |TAMS 0x00000000a5e00000, 0x00000000a5e00000| Untracked 
|  95|0x00000000a5f00000, 0x00000000a5f00000, 0x00000000a6000000|  0%| F|  |TAMS 0x00000000a5f00000, 0x00000000a5f00000| Untracked 
|  96|0x00000000a6000000, 0x00000000a6000000, 0x00000000a6100000|  0%| F|  |TAMS 0x00000000a6000000, 0x00000000a6000000| Untracked 
|  97|0x00000000a6100000, 0x00000000a6100000, 0x00000000a6200000|  0%| F|  |TAMS 0x00000000a6100000, 0x00000000a6100000| Untracked 
|  98|0x00000000a6200000, 0x00000000a6200000, 0x00000000a6300000|  0%| F|  |TAMS 0x00000000a6200000, 0x00000000a6200000| Untracked 
|  99|0x00000000a6300000, 0x00000000a6300000, 0x00000000a6400000|  0%| F|  |TAMS 0x00000000a6300000, 0x00000000a6300000| Untracked 
| 100|0x00000000a6400000, 0x00000000a6400000, 0x00000000a6500000|  0%| F|  |TAMS 0x00000000a6400000, 0x00000000a6400000| Untracked 
| 101|0x00000000a6500000, 0x00000000a6500000, 0x00000000a6600000|  0%| F|  |TAMS 0x00000000a6500000, 0x00000000a6500000| Untracked 
| 102|0x00000000a6600000, 0x00000000a6600000, 0x00000000a6700000|  0%| F|  |TAMS 0x00000000a6600000, 0x00000000a6600000| Untracked 
| 103|0x00000000a6700000, 0x00000000a6700000, 0x00000000a6800000|  0%| F|  |TAMS 0x00000000a6700000, 0x00000000a6700000| Untracked 
| 104|0x00000000a6800000, 0x00000000a6800000, 0x00000000a6900000|  0%| F|  |TAMS 0x00000000a6800000, 0x00000000a6800000| Untracked 
| 105|0x00000000a6900000, 0x00000000a6900000, 0x00000000a6a00000|  0%| F|  |TAMS 0x00000000a6900000, 0x00000000a6900000| Untracked 
| 106|0x00000000a6a00000, 0x00000000a6a00000, 0x00000000a6b00000|  0%| F|  |TAMS 0x00000000a6a00000, 0x00000000a6a00000| Untracked 
| 107|0x00000000a6b00000, 0x00000000a6b00000, 0x00000000a6c00000|  0%| F|  |TAMS 0x00000000a6b00000, 0x00000000a6b00000| Untracked 
| 108|0x00000000a6c00000, 0x00000000a6c00000, 0x00000000a6d00000|  0%| F|  |TAMS 0x00000000a6c00000, 0x00000000a6c00000| Untracked 
| 109|0x00000000a6d00000, 0x00000000a6d00000, 0x00000000a6e00000|  0%| F|  |TAMS 0x00000000a6d00000, 0x00000000a6d00000| Untracked 
| 110|0x00000000a6e00000, 0x00000000a6e00000, 0x00000000a6f00000|  0%| F|  |TAMS 0x00000000a6e00000, 0x00000000a6e00000| Untracked 
| 111|0x00000000a6f00000, 0x00000000a6f00000, 0x00000000a7000000|  0%| F|  |TAMS 0x00000000a6f00000, 0x00000000a6f00000| Untracked 
| 112|0x00000000a7000000, 0x00000000a7000000, 0x00000000a7100000|  0%| F|  |TAMS 0x00000000a7000000, 0x00000000a7000000| Untracked 
| 113|0x00000000a7100000, 0x00000000a7100000, 0x00000000a7200000|  0%| F|  |TAMS 0x00000000a7100000, 0x00000000a7100000| Untracked 
| 114|0x00000000a7200000, 0x00000000a7200000, 0x00000000a7300000|  0%| F|  |TAMS 0x00000000a7200000, 0x00000000a7200000| Untracked 
| 115|0x00000000a7300000, 0x00000000a7300000, 0x00000000a7400000|  0%| F|  |TAMS 0x00000000a7300000, 0x00000000a7300000| Untracked 
| 116|0x00000000a7400000, 0x00000000a7400000, 0x00000000a7500000|  0%| F|  |TAMS 0x00000000a7400000, 0x00000000a7400000| Untracked 
| 117|0x00000000a7500000, 0x00000000a7500000, 0x00000000a7600000|  0%| F|  |TAMS 0x00000000a7500000, 0x00000000a7500000| Untracked 
| 118|0x00000000a7600000, 0x00000000a7600000, 0x00000000a7700000|  0%| F|  |TAMS 0x00000000a7600000, 0x00000000a7600000| Untracked 
| 119|0x00000000a7700000, 0x00000000a7700000, 0x00000000a7800000|  0%| F|  |TAMS 0x00000000a7700000, 0x00000000a7700000| Untracked 
| 120|0x00000000a7800000, 0x00000000a7800000, 0x00000000a7900000|  0%| F|  |TAMS 0x00000000a7800000, 0x00000000a7800000| Untracked 
| 121|0x00000000a7900000, 0x00000000a7900000, 0x00000000a7a00000|  0%| F|  |TAMS 0x00000000a7900000, 0x00000000a7900000| Untracked 
| 122|0x00000000a7a00000, 0x00000000a7a00000, 0x00000000a7b00000|  0%| F|  |TAMS 0x00000000a7a00000, 0x00000000a7a00000| Untracked 
| 123|0x00000000a7b00000, 0x00000000a7b00000, 0x00000000a7c00000|  0%| F|  |TAMS 0x00000000a7b00000, 0x00000000a7b00000| Untracked 
| 124|0x00000000a7c00000, 0x00000000a7c00000, 0x00000000a7d00000|  0%| F|  |TAMS 0x00000000a7c00000, 0x00000000a7c00000| Untracked 
| 125|0x00000000a7d00000, 0x00000000a7d00000, 0x00000000a7e00000|  0%| F|  |TAMS 0x00000000a7d00000, 0x00000000a7d00000| Untracked 
| 126|0x00000000a7e00000, 0x00000000a7e00000, 0x00000000a7f00000|  0%| F|  |TAMS 0x00000000a7e00000, 0x00000000a7e00000| Untracked 
| 127|0x00000000a7f00000, 0x00000000a7f00000, 0x00000000a8000000|  0%| F|  |TAMS 0x00000000a7f00000, 0x00000000a7f00000| Untracked 
| 128|0x00000000a8000000, 0x00000000a8000000, 0x00000000a8100000|  0%| F|  |TAMS 0x00000000a8000000, 0x00000000a8000000| Untracked 
| 129|0x00000000a8100000, 0x00000000a8100000, 0x00000000a8200000|  0%| F|  |TAMS 0x00000000a8100000, 0x00000000a8100000| Untracked 
| 130|0x00000000a8200000, 0x00000000a8200000, 0x00000000a8300000|  0%| F|  |TAMS 0x00000000a8200000, 0x00000000a8200000| Untracked 
| 131|0x00000000a8300000, 0x00000000a8300000, 0x00000000a8400000|  0%| F|  |TAMS 0x00000000a8300000, 0x00000000a8300000| Untracked 
| 132|0x00000000a8400000, 0x00000000a8400000, 0x00000000a8500000|  0%| F|  |TAMS 0x00000000a8400000, 0x00000000a8400000| Untracked 
| 133|0x00000000a8500000, 0x00000000a8500000, 0x00000000a8600000|  0%| F|  |TAMS 0x00000000a8500000, 0x00000000a8500000| Untracked 
| 134|0x00000000a8600000, 0x00000000a8600000, 0x00000000a8700000|  0%| F|  |TAMS 0x00000000a8600000, 0x00000000a8600000| Untracked 
| 135|0x00000000a8700000, 0x00000000a8700000, 0x00000000a8800000|  0%| F|  |TAMS 0x00000000a8700000, 0x00000000a8700000| Untracked 
| 136|0x00000000a8800000, 0x00000000a8800000, 0x00000000a8900000|  0%| F|  |TAMS 0x00000000a8800000, 0x00000000a8800000| Untracked 
| 137|0x00000000a8900000, 0x00000000a8900000, 0x00000000a8a00000|  0%| F|  |TAMS 0x00000000a8900000, 0x00000000a8900000| Untracked 
| 138|0x00000000a8a00000, 0x00000000a8a00000, 0x00000000a8b00000|  0%| F|  |TAMS 0x00000000a8a00000, 0x00000000a8a00000| Untracked 
| 139|0x00000000a8b00000, 0x00000000a8b00000, 0x00000000a8c00000|  0%| F|  |TAMS 0x00000000a8b00000, 0x00000000a8b00000| Untracked 
| 140|0x00000000a8c00000, 0x00000000a8c00000, 0x00000000a8d00000|  0%| F|  |TAMS 0x00000000a8c00000, 0x00000000a8c00000| Untracked 
| 141|0x00000000a8d00000, 0x00000000a8d00000, 0x00000000a8e00000|  0%| F|  |TAMS 0x00000000a8d00000, 0x00000000a8d00000| Untracked 
| 142|0x00000000a8e00000, 0x00000000a8e00000, 0x00000000a8f00000|  0%| F|  |TAMS 0x00000000a8e00000, 0x00000000a8e00000| Untracked 
| 143|0x00000000a8f00000, 0x00000000a8f00000, 0x00000000a9000000|  0%| F|  |TAMS 0x00000000a8f00000, 0x00000000a8f00000| Untracked 
| 144|0x00000000a9000000, 0x00000000a9000000, 0x00000000a9100000|  0%| F|  |TAMS 0x00000000a9000000, 0x00000000a9000000| Untracked 
| 145|0x00000000a9100000, 0x00000000a9100000, 0x00000000a9200000|  0%| F|  |TAMS 0x00000000a9100000, 0x00000000a9100000| Untracked 
| 146|0x00000000a9200000, 0x00000000a9200000, 0x00000000a9300000|  0%| F|  |TAMS 0x00000000a9200000, 0x00000000a9200000| Untracked 
| 147|0x00000000a9300000, 0x00000000a9300000, 0x00000000a9400000|  0%| F|  |TAMS 0x00000000a9300000, 0x00000000a9300000| Untracked 
| 148|0x00000000a9400000, 0x00000000a9400000, 0x00000000a9500000|  0%| F|  |TAMS 0x00000000a9400000, 0x00000000a9400000| Untracked 
| 149|0x00000000a9500000, 0x00000000a9500000, 0x00000000a9600000|  0%| F|  |TAMS 0x00000000a9500000, 0x00000000a9500000| Untracked 
| 150|0x00000000a9600000, 0x00000000a9600000, 0x00000000a9700000|  0%| F|  |TAMS 0x00000000a9600000, 0x00000000a9600000| Untracked 
| 151|0x00000000a9700000, 0x00000000a9700000, 0x00000000a9800000|  0%| F|  |TAMS 0x00000000a9700000, 0x00000000a9700000| Untracked 
| 152|0x00000000a9800000, 0x00000000a9800000, 0x00000000a9900000|  0%| F|  |TAMS 0x00000000a9800000, 0x00000000a9800000| Untracked 
| 153|0x00000000a9900000, 0x00000000a9900000, 0x00000000a9a00000|  0%| F|  |TAMS 0x00000000a9900000, 0x00000000a9900000| Untracked 
| 154|0x00000000a9a00000, 0x00000000a9a00000, 0x00000000a9b00000|  0%| F|  |TAMS 0x00000000a9a00000, 0x00000000a9a00000| Untracked 
| 155|0x00000000a9b00000, 0x00000000a9b00000, 0x00000000a9c00000|  0%| F|  |TAMS 0x00000000a9b00000, 0x00000000a9b00000| Untracked 
| 156|0x00000000a9c00000, 0x00000000a9c0d290, 0x00000000a9d00000|  5%| S|CS|TAMS 0x00000000a9c00000, 0x00000000a9c00000| Complete 
| 157|0x00000000a9d00000, 0x00000000a9e00000, 0x00000000a9e00000|100%| S|CS|TAMS 0x00000000a9d00000, 0x00000000a9d00000| Complete 
| 158|0x00000000a9e00000, 0x00000000a9f00000, 0x00000000a9f00000|100%| S|CS|TAMS 0x00000000a9e00000, 0x00000000a9e00000| Complete 
| 159|0x00000000a9f00000, 0x00000000aa000000, 0x00000000aa000000|100%| S|CS|TAMS 0x00000000a9f00000, 0x00000000a9f00000| Complete 
| 160|0x00000000aa000000, 0x00000000aa100000, 0x00000000aa100000|100%| S|CS|TAMS 0x00000000aa000000, 0x00000000aa000000| Complete 
| 161|0x00000000aa100000, 0x00000000aa200000, 0x00000000aa200000|100%| S|CS|TAMS 0x00000000aa100000, 0x00000000aa100000| Complete 
| 162|0x00000000aa200000, 0x00000000aa300000, 0x00000000aa300000|100%| S|CS|TAMS 0x00000000aa200000, 0x00000000aa200000| Complete 
| 163|0x00000000aa300000, 0x00000000aa400000, 0x00000000aa400000|100%| S|CS|TAMS 0x00000000aa300000, 0x00000000aa300000| Complete 
| 164|0x00000000aa400000, 0x00000000aa500000, 0x00000000aa500000|100%| S|CS|TAMS 0x00000000aa400000, 0x00000000aa400000| Complete 
| 165|0x00000000aa500000, 0x00000000aa600000, 0x00000000aa600000|100%| S|CS|TAMS 0x00000000aa500000, 0x00000000aa500000| Complete 
| 166|0x00000000aa600000, 0x00000000aa700000, 0x00000000aa700000|100%| S|CS|TAMS 0x00000000aa600000, 0x00000000aa600000| Complete 
| 167|0x00000000aa700000, 0x00000000aa700000, 0x00000000aa800000|  0%| F|  |TAMS 0x00000000aa700000, 0x00000000aa700000| Untracked 
| 168|0x00000000aa800000, 0x00000000aa800000, 0x00000000aa900000|  0%| F|  |TAMS 0x00000000aa800000, 0x00000000aa800000| Untracked 
| 169|0x00000000aa900000, 0x00000000aa900000, 0x00000000aaa00000|  0%| F|  |TAMS 0x00000000aa900000, 0x00000000aa900000| Untracked 
| 170|0x00000000aaa00000, 0x00000000aaa00000, 0x00000000aab00000|  0%| F|  |TAMS 0x00000000aaa00000, 0x00000000aaa00000| Untracked 
| 171|0x00000000aab00000, 0x00000000aab00000, 0x00000000aac00000|  0%| F|  |TAMS 0x00000000aab00000, 0x00000000aab00000| Untracked 
| 172|0x00000000aac00000, 0x00000000aac00000, 0x00000000aad00000|  0%| F|  |TAMS 0x00000000aac00000, 0x00000000aac00000| Untracked 
| 173|0x00000000aad00000, 0x00000000aad00000, 0x00000000aae00000|  0%| F|  |TAMS 0x00000000aad00000, 0x00000000aad00000| Untracked 
| 174|0x00000000aae00000, 0x00000000aae00000, 0x00000000aaf00000|  0%| F|  |TAMS 0x00000000aae00000, 0x00000000aae00000| Untracked 
| 175|0x00000000aaf00000, 0x00000000aaf00000, 0x00000000ab000000|  0%| F|  |TAMS 0x00000000aaf00000, 0x00000000aaf00000| Untracked 
| 176|0x00000000ab000000, 0x00000000ab000000, 0x00000000ab100000|  0%| F|  |TAMS 0x00000000ab000000, 0x00000000ab000000| Untracked 
| 177|0x00000000ab100000, 0x00000000ab100000, 0x00000000ab200000|  0%| F|  |TAMS 0x00000000ab100000, 0x00000000ab100000| Untracked 
| 178|0x00000000ab200000, 0x00000000ab200000, 0x00000000ab300000|  0%| F|  |TAMS 0x00000000ab200000, 0x00000000ab200000| Untracked 
| 179|0x00000000ab300000, 0x00000000ab300000, 0x00000000ab400000|  0%| F|  |TAMS 0x00000000ab300000, 0x00000000ab300000| Untracked 
| 180|0x00000000ab400000, 0x00000000ab400000, 0x00000000ab500000|  0%| F|  |TAMS 0x00000000ab400000, 0x00000000ab400000| Untracked 
| 181|0x00000000ab500000, 0x00000000ab500000, 0x00000000ab600000|  0%| F|  |TAMS 0x00000000ab500000, 0x00000000ab500000| Untracked 
| 182|0x00000000ab600000, 0x00000000ab600000, 0x00000000ab700000|  0%| F|  |TAMS 0x00000000ab600000, 0x00000000ab600000| Untracked 
| 183|0x00000000ab700000, 0x00000000ab700000, 0x00000000ab800000|  0%| F|  |TAMS 0x00000000ab700000, 0x00000000ab700000| Untracked 
| 184|0x00000000ab800000, 0x00000000ab800000, 0x00000000ab900000|  0%| F|  |TAMS 0x00000000ab800000, 0x00000000ab800000| Untracked 
| 185|0x00000000ab900000, 0x00000000ab900000, 0x00000000aba00000|  0%| F|  |TAMS 0x00000000ab900000, 0x00000000ab900000| Untracked 
| 186|0x00000000aba00000, 0x00000000aba00000, 0x00000000abb00000|  0%| F|  |TAMS 0x00000000aba00000, 0x00000000aba00000| Untracked 
| 187|0x00000000abb00000, 0x00000000abb00000, 0x00000000abc00000|  0%| F|  |TAMS 0x00000000abb00000, 0x00000000abb00000| Untracked 
| 188|0x00000000abc00000, 0x00000000abc00000, 0x00000000abd00000|  0%| F|  |TAMS 0x00000000abc00000, 0x00000000abc00000| Untracked 
| 189|0x00000000abd00000, 0x00000000abd00000, 0x00000000abe00000|  0%| F|  |TAMS 0x00000000abd00000, 0x00000000abd00000| Untracked 
| 190|0x00000000abe00000, 0x00000000abe00000, 0x00000000abf00000|  0%| F|  |TAMS 0x00000000abe00000, 0x00000000abe00000| Untracked 
| 191|0x00000000abf00000, 0x00000000abf00000, 0x00000000ac000000|  0%| F|  |TAMS 0x00000000abf00000, 0x00000000abf00000| Untracked 
| 192|0x00000000ac000000, 0x00000000ac000000, 0x00000000ac100000|  0%| F|  |TAMS 0x00000000ac000000, 0x00000000ac000000| Untracked 
| 193|0x00000000ac100000, 0x00000000ac100000, 0x00000000ac200000|  0%| F|  |TAMS 0x00000000ac100000, 0x00000000ac100000| Untracked 
| 194|0x00000000ac200000, 0x00000000ac200000, 0x00000000ac300000|  0%| F|  |TAMS 0x00000000ac200000, 0x00000000ac200000| Untracked 
| 195|0x00000000ac300000, 0x00000000ac300000, 0x00000000ac400000|  0%| F|  |TAMS 0x00000000ac300000, 0x00000000ac300000| Untracked 
| 196|0x00000000ac400000, 0x00000000ac400000, 0x00000000ac500000|  0%| F|  |TAMS 0x00000000ac400000, 0x00000000ac400000| Untracked 
| 197|0x00000000ac500000, 0x00000000ac500000, 0x00000000ac600000|  0%| F|  |TAMS 0x00000000ac500000, 0x00000000ac500000| Untracked 
| 198|0x00000000ac600000, 0x00000000ac600000, 0x00000000ac700000|  0%| F|  |TAMS 0x00000000ac600000, 0x00000000ac600000| Untracked 
| 199|0x00000000ac700000, 0x00000000ac700000, 0x00000000ac800000|  0%| F|  |TAMS 0x00000000ac700000, 0x00000000ac700000| Untracked 
| 200|0x00000000ac800000, 0x00000000ac800000, 0x00000000ac900000|  0%| F|  |TAMS 0x00000000ac800000, 0x00000000ac800000| Untracked 
| 201|0x00000000ac900000, 0x00000000ac900000, 0x00000000aca00000|  0%| F|  |TAMS 0x00000000ac900000, 0x00000000ac900000| Untracked 
| 202|0x00000000aca00000, 0x00000000aca00000, 0x00000000acb00000|  0%| F|  |TAMS 0x00000000aca00000, 0x00000000aca00000| Untracked 
| 203|0x00000000acb00000, 0x00000000acb00000, 0x00000000acc00000|  0%| F|  |TAMS 0x00000000acb00000, 0x00000000acb00000| Untracked 
| 204|0x00000000acc00000, 0x00000000acc00000, 0x00000000acd00000|  0%| F|  |TAMS 0x00000000acc00000, 0x00000000acc00000| Untracked 
| 205|0x00000000acd00000, 0x00000000acd00000, 0x00000000ace00000|  0%| F|  |TAMS 0x00000000acd00000, 0x00000000acd00000| Untracked 
| 206|0x00000000ace00000, 0x00000000ace00000, 0x00000000acf00000|  0%| F|  |TAMS 0x00000000ace00000, 0x00000000ace00000| Untracked 
| 207|0x00000000acf00000, 0x00000000acf00000, 0x00000000ad000000|  0%| F|  |TAMS 0x00000000acf00000, 0x00000000acf00000| Untracked 
| 208|0x00000000ad000000, 0x00000000ad000000, 0x00000000ad100000|  0%| F|  |TAMS 0x00000000ad000000, 0x00000000ad000000| Untracked 
| 209|0x00000000ad100000, 0x00000000ad100000, 0x00000000ad200000|  0%| F|  |TAMS 0x00000000ad100000, 0x00000000ad100000| Untracked 
| 210|0x00000000ad200000, 0x00000000ad200000, 0x00000000ad300000|  0%| F|  |TAMS 0x00000000ad200000, 0x00000000ad200000| Untracked 
| 211|0x00000000ad300000, 0x00000000ad300000, 0x00000000ad400000|  0%| F|  |TAMS 0x00000000ad300000, 0x00000000ad300000| Untracked 
| 212|0x00000000ad400000, 0x00000000ad400000, 0x00000000ad500000|  0%| F|  |TAMS 0x00000000ad400000, 0x00000000ad400000| Untracked 
| 213|0x00000000ad500000, 0x00000000ad500000, 0x00000000ad600000|  0%| F|  |TAMS 0x00000000ad500000, 0x00000000ad500000| Untracked 
| 214|0x00000000ad600000, 0x00000000ad600000, 0x00000000ad700000|  0%| F|  |TAMS 0x00000000ad600000, 0x00000000ad600000| Untracked 
| 215|0x00000000ad700000, 0x00000000ad700000, 0x00000000ad800000|  0%| F|  |TAMS 0x00000000ad700000, 0x00000000ad700000| Untracked 
| 216|0x00000000ad800000, 0x00000000ad800000, 0x00000000ad900000|  0%| F|  |TAMS 0x00000000ad800000, 0x00000000ad800000| Untracked 
| 217|0x00000000ad900000, 0x00000000ad900000, 0x00000000ada00000|  0%| F|  |TAMS 0x00000000ad900000, 0x00000000ad900000| Untracked 
| 218|0x00000000ada00000, 0x00000000ada00000, 0x00000000adb00000|  0%| F|  |TAMS 0x00000000ada00000, 0x00000000ada00000| Untracked 
| 219|0x00000000adb00000, 0x00000000adb00000, 0x00000000adc00000|  0%| F|  |TAMS 0x00000000adb00000, 0x00000000adb00000| Untracked 
| 220|0x00000000adc00000, 0x00000000adc00000, 0x00000000add00000|  0%| F|  |TAMS 0x00000000adc00000, 0x00000000adc00000| Untracked 
| 221|0x00000000add00000, 0x00000000add00000, 0x00000000ade00000|  0%| F|  |TAMS 0x00000000add00000, 0x00000000add00000| Untracked 
| 222|0x00000000ade00000, 0x00000000ade00000, 0x00000000adf00000|  0%| F|  |TAMS 0x00000000ade00000, 0x00000000ade00000| Untracked 
| 223|0x00000000adf00000, 0x00000000adf00000, 0x00000000ae000000|  0%| F|  |TAMS 0x00000000adf00000, 0x00000000adf00000| Untracked 
| 224|0x00000000ae000000, 0x00000000ae000000, 0x00000000ae100000|  0%| F|  |TAMS 0x00000000ae000000, 0x00000000ae000000| Untracked 
| 225|0x00000000ae100000, 0x00000000ae100000, 0x00000000ae200000|  0%| F|  |TAMS 0x00000000ae100000, 0x00000000ae100000| Untracked 
| 226|0x00000000ae200000, 0x00000000ae200000, 0x00000000ae300000|  0%| F|  |TAMS 0x00000000ae200000, 0x00000000ae200000| Untracked 
| 227|0x00000000ae300000, 0x00000000ae300000, 0x00000000ae400000|  0%| F|  |TAMS 0x00000000ae300000, 0x00000000ae300000| Untracked 
| 228|0x00000000ae400000, 0x00000000ae400000, 0x00000000ae500000|  0%| F|  |TAMS 0x00000000ae400000, 0x00000000ae400000| Untracked 
| 229|0x00000000ae500000, 0x00000000ae500000, 0x00000000ae600000|  0%| F|  |TAMS 0x00000000ae500000, 0x00000000ae500000| Untracked 
| 230|0x00000000ae600000, 0x00000000ae600000, 0x00000000ae700000|  0%| F|  |TAMS 0x00000000ae600000, 0x00000000ae600000| Untracked 
| 231|0x00000000ae700000, 0x00000000ae700000, 0x00000000ae800000|  0%| F|  |TAMS 0x00000000ae700000, 0x00000000ae700000| Untracked 
| 232|0x00000000ae800000, 0x00000000ae800000, 0x00000000ae900000|  0%| F|  |TAMS 0x00000000ae800000, 0x00000000ae800000| Untracked 
| 233|0x00000000ae900000, 0x00000000ae900000, 0x00000000aea00000|  0%| F|  |TAMS 0x00000000ae900000, 0x00000000ae900000| Untracked 
| 234|0x00000000aea00000, 0x00000000aea00000, 0x00000000aeb00000|  0%| F|  |TAMS 0x00000000aea00000, 0x00000000aea00000| Untracked 
| 235|0x00000000aeb00000, 0x00000000aeb00000, 0x00000000aec00000|  0%| F|  |TAMS 0x00000000aeb00000, 0x00000000aeb00000| Untracked 
| 236|0x00000000aec00000, 0x00000000aec00000, 0x00000000aed00000|  0%| F|  |TAMS 0x00000000aec00000, 0x00000000aec00000| Untracked 
| 237|0x00000000aed00000, 0x00000000aed00000, 0x00000000aee00000|  0%| F|  |TAMS 0x00000000aed00000, 0x00000000aed00000| Untracked 
| 238|0x00000000aee00000, 0x00000000aee00000, 0x00000000aef00000|  0%| F|  |TAMS 0x00000000aee00000, 0x00000000aee00000| Untracked 
| 239|0x00000000aef00000, 0x00000000aef00000, 0x00000000af000000|  0%| F|  |TAMS 0x00000000aef00000, 0x00000000aef00000| Untracked 
| 240|0x00000000af000000, 0x00000000af000000, 0x00000000af100000|  0%| F|  |TAMS 0x00000000af000000, 0x00000000af000000| Untracked 
| 241|0x00000000af100000, 0x00000000af100000, 0x00000000af200000|  0%| F|  |TAMS 0x00000000af100000, 0x00000000af100000| Untracked 
| 242|0x00000000af200000, 0x00000000af200000, 0x00000000af300000|  0%| F|  |TAMS 0x00000000af200000, 0x00000000af200000| Untracked 
| 243|0x00000000af300000, 0x00000000af300000, 0x00000000af400000|  0%| F|  |TAMS 0x00000000af300000, 0x00000000af300000| Untracked 
| 244|0x00000000af400000, 0x00000000af400000, 0x00000000af500000|  0%| F|  |TAMS 0x00000000af400000, 0x00000000af400000| Untracked 
| 245|0x00000000af500000, 0x00000000af500000, 0x00000000af600000|  0%| F|  |TAMS 0x00000000af500000, 0x00000000af500000| Untracked 
| 246|0x00000000af600000, 0x00000000af600000, 0x00000000af700000|  0%| F|  |TAMS 0x00000000af600000, 0x00000000af600000| Untracked 
| 247|0x00000000af700000, 0x00000000af700000, 0x00000000af800000|  0%| F|  |TAMS 0x00000000af700000, 0x00000000af700000| Untracked 
| 248|0x00000000af800000, 0x00000000af800000, 0x00000000af900000|  0%| F|  |TAMS 0x00000000af800000, 0x00000000af800000| Untracked 
| 249|0x00000000af900000, 0x00000000af900000, 0x00000000afa00000|  0%| F|  |TAMS 0x00000000af900000, 0x00000000af900000| Untracked 
| 250|0x00000000afa00000, 0x00000000afa00000, 0x00000000afb00000|  0%| F|  |TAMS 0x00000000afa00000, 0x00000000afa00000| Untracked 
| 251|0x00000000afb00000, 0x00000000afc00000, 0x00000000afc00000|100%| E|  |TAMS 0x00000000afb00000, 0x00000000afb00000| Complete 
| 252|0x00000000afc00000, 0x00000000afd00000, 0x00000000afd00000|100%| E|CS|TAMS 0x00000000afc00000, 0x00000000afc00000| Complete 
| 253|0x00000000afd00000, 0x00000000afe00000, 0x00000000afe00000|100%| E|CS|TAMS 0x00000000afd00000, 0x00000000afd00000| Complete 
| 254|0x00000000afe00000, 0x00000000aff00000, 0x00000000aff00000|100%| E|CS|TAMS 0x00000000afe00000, 0x00000000afe00000| Complete 
| 255|0x00000000aff00000, 0x00000000b0000000, 0x00000000b0000000|100%| E|CS|TAMS 0x00000000aff00000, 0x00000000aff00000| Complete 

Card table byte_map: [0x000002ae99f90000,0x000002ae9a290000] _byte_map_base: 0x000002ae99a90000

Marking Bits (Prev, Next): (CMBitMap*) 0x000002ae86ea3f50, (CMBitMap*) 0x000002ae86ea3f18
 Prev Bits: [0x000002ae9bd90000, 0x000002ae9d590000)
 Next Bits: [0x000002ae9a590000, 0x000002ae9bd90000)

Polling page: 0x000002ae84e60000

Metaspace:

Usage:
  Non-class:     18.32 MB capacity,    18.01 MB ( 98%) used,   281.84 KB (  2%) free+waste,    35.13 KB ( <1%) overhead. 
      Class:      2.73 MB capacity,     2.56 MB ( 94%) used,   147.30 KB (  5%) free+waste,    17.44 KB ( <1%) overhead. 
       Both:     21.04 MB capacity,    20.57 MB ( 98%) used,   429.13 KB (  2%) free+waste,    52.56 KB ( <1%) overhead. 

Virtual space:
  Non-class space:       20.00 MB reserved,      18.50 MB ( 93%) committed 
      Class space:        1.00 GB reserved,       2.75 MB ( <1%) committed 
             Both:        1.02 GB reserved,      21.25 MB (  2%) committed 

Chunk freelists:
   Non-Class:  59.00 KB
       Class:  25.00 KB
        Both:  84.00 KB

MaxMetaspaceSize: 17179869184.00 GB
CompressedClassSpaceSize: 1.00 GB

CodeHeap 'non-profiled nmethods': size=120000Kb used=1044Kb max_used=1044Kb free=118955Kb
 bounds [0x000002ae92430000, 0x000002ae926a0000, 0x000002ae99960000]
CodeHeap 'profiled nmethods': size=120000Kb used=4093Kb max_used=4093Kb free=115906Kb
 bounds [0x000002ae8af00000, 0x000002ae8b300000, 0x000002ae92430000]
CodeHeap 'non-nmethods': size=5760Kb used=1127Kb max_used=1157Kb free=4632Kb
 bounds [0x000002ae8a960000, 0x000002ae8abd0000, 0x000002ae8af00000]
 total_blobs=2477 nmethods=2018 adapters=370
 compilation: enabled
              stopped_count=0, restarted_count=0
 full_count=0

Compilation events (20 events):
Event: 12.065 Thread 0x000002aea08b2000 1994   !   3       java.lang.ref.ReferenceQueue::enqueue (119 bytes)
Event: 12.066 Thread 0x000002aea08b2000 nmethod 1994 0x000002ae8b2e8e10 code [0x000002ae8b2e9000, 0x000002ae8b2e9768]
Event: 12.066 Thread 0x000002aea08b2000 1995       3       java.lang.ref.ReferenceQueue::reallyPoll (65 bytes)
Event: 12.066 Thread 0x000002aea08b2000 nmethod 1995 0x000002ae8b2e9910 code [0x000002ae8b2e9b00, 0x000002ae8b2e9ff8]
Event: 12.099 Thread 0x000002aea08b2000 1996       3       java.util.concurrent.locks.ReentrantLock::lockInterruptibly (9 bytes)
Event: 12.100 Thread 0x000002aea08b2000 nmethod 1996 0x000002ae8b2ea110 code [0x000002ae8b2ea320, 0x000002ae8b2ea778]
Event: 12.100 Thread 0x000002aea08b2000 1997       3       java.util.concurrent.locks.AbstractQueuedSynchronizer::acquireInterruptibly (28 bytes)
Event: 12.100 Thread 0x000002aea08b2000 nmethod 1997 0x000002ae8b2ea910 code [0x000002ae8b2eab00, 0x000002ae8b2eaef8]
Event: 12.131 Thread 0x000002aea08b2000 1998       3       java.lang.StringConcatHelper::mixCoder (8 bytes)
Event: 12.131 Thread 0x000002aea08b2000 nmethod 1998 0x000002ae8b2eb090 code [0x000002ae8b2eb240, 0x000002ae8b2eb3b8]
Event: 12.132 Thread 0x000002aea08b2000 1999       3       java.lang.StringConcatHelper::mixLen (10 bytes)
Event: 12.132 Thread 0x000002aea08b2000 nmethod 1999 0x000002ae8b2eb490 code [0x000002ae8b2eb680, 0x000002ae8b2eb9c8]
Event: 12.132 Thread 0x000002aea08b2000 2001       3       java.util.concurrent.locks.AbstractQueuedSynchronizer$ConditionObject::awaitNanos (181 bytes)
Event: 12.135 Thread 0x000002aea08b1000 2002   !   4       java.util.zip.InflaterInputStream::read (138 bytes)
Event: 12.137 Thread 0x000002aea08b2000 nmethod 2001 0x000002ae8b2ebb90 code [0x000002ae8b2ebfa0, 0x000002ae8b2edb78]
Event: 12.137 Thread 0x000002aea08b2000 2000       3       java.lang.StringConcatHelper::checkOverflow (16 bytes)
Event: 12.137 Thread 0x000002aea08b2000 nmethod 2000 0x000002ae8b2ee710 code [0x000002ae8b2ee8e0, 0x000002ae8b2eeac8]
Event: 12.225 Thread 0x000002aea08b2000 2003       3       java.util.concurrent.ConcurrentLinkedQueue::poll (84 bytes)
Event: 12.225 Thread 0x000002aea08b2000 nmethod 2003 0x000002ae8b2eeb90 code [0x000002ae8b2eee00, 0x000002ae8b2ef9c8]
Event: 12.225 Thread 0x000002aea08b2000 2004       3       java.util.concurrent.ConcurrentLinkedQueue::updateHead (26 bytes)

GC Heap History (4 events):
Event: 0.484 GC heap before
{Heap before GC invocations=0 (full 0):
 garbage-first heap   total 262144K, used 29696K [0x00000000a0000000, 0x0000000100000000)
  region size 1024K, 24 young (24576K), 0 survivors (0K)
 Metaspace       used 10411K, capacity 10632K, committed 10752K, reserved 1058816K
  class space    used 1098K, capacity 1164K, committed 1280K, reserved 1048576K
}
Event: 0.487 GC heap after
{Heap after GC invocations=1 (full 0):
 garbage-first heap   total 262144K, used 8632K [0x00000000a0000000, 0x0000000100000000)
  region size 1024K, 3 young (3072K), 3 survivors (3072K)
 Metaspace       used 10411K, capacity 10632K, committed 10752K, reserved 1058816K
  class space    used 1098K, capacity 1164K, committed 1280K, reserved 1048576K
}
Event: 12.035 GC heap before
{Heap before GC invocations=1 (full 0):
 garbage-first heap   total 262144K, used 94648K [0x00000000a0000000, 0x0000000100000000)
  region size 1024K, 89 young (91136K), 3 survivors (3072K)
 Metaspace       used 20641K, capacity 21122K, committed 21248K, reserved 1067008K
  class space    used 2536K, capacity 2691K, committed 2816K, reserved 1048576K
}
Event: 12.065 GC heap after
{Heap after GC invocations=2 (full 0):
 garbage-first heap   total 262144K, used 15853K [0x00000000a0000000, 0x0000000100000000)
  region size 1024K, 11 young (11264K), 11 survivors (11264K)
 Metaspace       used 20641K, capacity 21122K, committed 21248K, reserved 1067008K
  class space    used 2536K, capacity 2691K, committed 2816K, reserved 1048576K
}

Deoptimization events (20 events):
Event: 11.274 Thread 0x000002aea2443800 Uncommon trap: trap_request=0xffffffc6 fr.pc=0x000002ae92495cf4 relative=0x0000000000000134
Event: 11.274 Thread 0x000002aea2443800 Uncommon trap: reason=bimorphic_or_optimized_type_check action=maybe_recompile pc=0x000002ae92495cf4 method=java.util.AbstractList$Itr.next()Ljava/lang/Object; @ 14 c2
Event: 11.274 Thread 0x000002aea2443800 DEOPT PACKING pc=0x000002ae92495cf4 sp=0x000000ba14efaa00
Event: 11.274 Thread 0x000002aea2443800 DEOPT UNPACKING pc=0x000002ae8a9878af sp=0x000000ba14efa998 mode 2
Event: 11.274 Thread 0x000002aea2443800 Uncommon trap: trap_request=0xffffff4d fr.pc=0x000002ae9248eef8 relative=0x00000000000005b8
Event: 11.274 Thread 0x000002aea2443800 Uncommon trap: reason=unstable_if action=reinterpret pc=0x000002ae9248eef8 method=java.io.File.getName()Ljava/lang/String; @ 16 c2
Event: 11.274 Thread 0x000002aea2443800 DEOPT PACKING pc=0x000002ae9248eef8 sp=0x000000ba14efb3b0
Event: 11.274 Thread 0x000002aea2443800 DEOPT UNPACKING pc=0x000002ae8a9878af sp=0x000000ba14efb380 mode 2
Event: 11.274 Thread 0x000002aea2443800 Uncommon trap: trap_request=0xffffff4d fr.pc=0x000002ae9248c910 relative=0x0000000000000450
Event: 11.274 Thread 0x000002aea2443800 Uncommon trap: reason=unstable_if action=reinterpret pc=0x000002ae9248c910 method=java.lang.String.substring(I)Ljava/lang/String; @ 34 c2
Event: 11.274 Thread 0x000002aea2443800 DEOPT PACKING pc=0x000002ae9248c910 sp=0x000000ba14efb330
Event: 11.274 Thread 0x000002aea2443800 DEOPT UNPACKING pc=0x000002ae8a9878af sp=0x000000ba14efb308 mode 2
Event: 11.858 Thread 0x000002aea2443800 Uncommon trap: trap_request=0xffffff4d fr.pc=0x000002ae92531870 relative=0x00000000000003b0
Event: 11.858 Thread 0x000002aea2443800 Uncommon trap: reason=unstable_if action=reinterpret pc=0x000002ae92531870 method=jdk.internal.org.objectweb.asm.Type.getArgumentsAndReturnSizes(Ljava/lang/String;)I @ 88 c2
Event: 11.858 Thread 0x000002aea2443800 DEOPT PACKING pc=0x000002ae92531870 sp=0x000000ba14efa320
Event: 11.858 Thread 0x000002aea2443800 DEOPT UNPACKING pc=0x000002ae8a9878af sp=0x000000ba14efa2a8 mode 2
Event: 11.967 Thread 0x000002aea2443800 Uncommon trap: trap_request=0xffffff4d fr.pc=0x000002ae9248d87c relative=0x0000000000000adc
Event: 11.967 Thread 0x000002aea2443800 Uncommon trap: reason=unstable_if action=reinterpret pc=0x000002ae9248d87c method=java.util.Properties$LineReader.readLine()I @ 249 c2
Event: 11.967 Thread 0x000002aea2443800 DEOPT PACKING pc=0x000002ae9248d87c sp=0x000000ba14efbc60
Event: 11.967 Thread 0x000002aea2443800 DEOPT UNPACKING pc=0x000002ae8a9878af sp=0x000000ba14efbc00 mode 2

Classes redefined (0 events):
No events

Internal exceptions (20 events):
Event: 0.731 Thread 0x000002ae86e6d800 Exception <a 'java/security/PrivilegedActionException'{0x00000000ae2eeb38}> (0x00000000ae2eeb38) thrown at [./src/hotspot/share/prims/jvm.cpp, line 1306]
Event: 0.731 Thread 0x000002ae86e6d800 Exception <a 'java/security/PrivilegedActionException'{0x00000000ae2efe90}> (0x00000000ae2efe90) thrown at [./src/hotspot/share/prims/jvm.cpp, line 1306]
Event: 0.731 Thread 0x000002ae86e6d800 Exception <a 'java/security/PrivilegedActionException'{0x00000000ae2f0408}> (0x00000000ae2f0408) thrown at [./src/hotspot/share/prims/jvm.cpp, line 1306]
Event: 0.731 Thread 0x000002ae86e6d800 Exception <a 'java/security/PrivilegedActionException'{0x00000000ae2f17e8}> (0x00000000ae2f17e8) thrown at [./src/hotspot/share/prims/jvm.cpp, line 1306]
Event: 0.731 Thread 0x000002ae86e6d800 Exception <a 'java/security/PrivilegedActionException'{0x00000000ae2f1d60}> (0x00000000ae2f1d60) thrown at [./src/hotspot/share/prims/jvm.cpp, line 1306]
Event: 1.108 Thread 0x000002ae86e6d800 Exception <a 'java/lang/NoSuchMethodError'{0x00000000ad180cd8}: 'java.lang.Object java.lang.invoke.DirectMethodHandle$Holder.invokeStaticInit(java.lang.Object, java.lang.Object, java.lang.Object)'> (0x00000000ad180cd8) thrown at [./src/hotspot/share/interpreter/linkResolver.cpp, line 773]
Event: 1.163 Thread 0x000002ae86e6d800 Exception <a 'java/lang/NoSuchMethodError'{0x00000000acc2a2a0}: 'java.lang.Object java.lang.invoke.Invokers$Holder.invoker(java.lang.Object, java.lang.Object, java.lang.Object, java.lang.Object, java.lang.Object)'> (0x00000000acc2a2a0) thrown at [./src/hotspot/share/interpreter/linkResolver.cpp, line 773]
Event: 1.164 Thread 0x000002ae86e6d800 Exception <a 'java/lang/NoSuchMethodError'{0x00000000acc3af18}: 'void java.lang.invoke.DelegatingMethodHandle$Holder.delegate(java.lang.Object, java.lang.Object, int, java.lang.Object)'> (0x00000000acc3af18) thrown at [./src/hotspot/share/interpreter/linkResolver.cpp, line 773]
Event: 1.176 Thread 0x000002ae86e6d800 Exception <a 'java/lang/NoSuchMethodError'{0x00000000accf61e8}: 'java.lang.Object java.lang.invoke.DirectMethodHandle$Holder.invokeStaticInit(java.lang.Object, int, int, int, int)'> (0x00000000accf61e8) thrown at [./src/hotspot/share/interpreter/linkResolver.cpp, line 773]
Event: 1.263 Thread 0x000002ae86e6d800 Exception <a 'java/lang/NoSuchMethodError'{0x00000000acb50548}: 'java.lang.Object java.lang.invoke.DirectMethodHandle$Holder.invokeStaticInit(java.lang.Object, java.lang.Object, int, int, int, int)'> (0x00000000acb50548) thrown at [./src/hotspot/share/interpreter/linkResolver.cpp, line 773]
Event: 7.941 Thread 0x000002ae86e6d800 Exception <a 'java/io/IOException'{0x00000000ac8b63f8}> (0x00000000ac8b63f8) thrown at [./src/hotspot/share/prims/jni.cpp, line 615]
Event: 8.439 Thread 0x000002aea2443800 Exception <a 'java/lang/NoSuchMethodError'{0x00000000ac2941e0}: 'void java.lang.invoke.DelegatingMethodHandle$Holder.reinvoke_L(java.lang.Object, java.lang.Object, java.lang.Object, java.lang.Object)'> (0x00000000ac2941e0) thrown at [./src/hotspot/share/interpreter/linkResolver.cpp, line 773]
Event: 8.446 Thread 0x000002aea2443800 Exception <a 'java/lang/NoSuchMethodError'{0x00000000ac2caee0}: 'long java.lang.invoke.DirectMethodHandle$Holder.invokeInterface(java.lang.Object, java.lang.Object)'> (0x00000000ac2caee0) thrown at [./src/hotspot/share/interpreter/linkResolver.cpp, line 773]
Event: 8.449 Thread 0x000002aea2443800 Exception <a 'java/lang/NoSuchMethodError'{0x00000000ac2ec6e0}: 'void java.lang.invoke.DelegatingMethodHandle$Holder.reinvoke_L(java.lang.Object, java.lang.Object, java.lang.Object, java.lang.Object, java.lang.Object, java.lang.Object, java.lang.Object)'> (0x00000000ac2ec6e0) thrown at [./src/hotspot/share/interpreter/linkResolver.cpp, line 773]
Event: 10.533 Thread 0x000002aea2443800 Exception <a 'java/lang/NoSuchMethodError'{0x00000000ab6d57c8}: 'java.lang.Object java.lang.invoke.DirectMethodHandle$Holder.invokeVirtual(java.lang.Object, java.lang.Object, java.lang.Object)'> (0x00000000ab6d57c8) thrown at [./src/hotspot/share/interpreter/linkResolver.cpp, line 773]
Event: 10.954 Thread 0x000002aea2443800 Exception <a 'java/lang/NoSuchMethodError'{0x00000000ab237dd8}: 'void java.lang.invoke.DirectMethodHandle$Holder.invokeStaticInit(java.lang.Object)'> (0x00000000ab237dd8) thrown at [./src/hotspot/share/interpreter/linkResolver.cpp, line 773]
Event: 11.788 Thread 0x000002aea2443800 Exception <a 'java/lang/NoSuchMethodError'{0x00000000aab4b030}: 'int java.lang.invoke.DirectMethodHandle$Holder.invokeSpecialIFC(java.lang.Object, java.lang.Object, java.lang.Object, java.lang.Object)'> (0x00000000aab4b030) thrown at [./src/hotspot/share/interpreter/linkResolver.cpp, line 773]
Event: 11.790 Thread 0x000002aea2443800 Exception <a 'java/lang/NoSuchMethodError'{0x00000000aab58d50}: 'java.lang.Object java.lang.invoke.DirectMethodHandle$Holder.invokeInterface(java.lang.Object, java.lang.Object, java.lang.Object)'> (0x00000000aab58d50) thrown at [./src/hotspot/share/interpreter/linkResolver.cpp, line 773]
Event: 11.790 Thread 0x000002aea2443800 Exception <a 'java/lang/IncompatibleClassChangeError'{0x00000000aab5c228}: Found class java.lang.Object, but interface was expected> (0x00000000aab5c228) thrown at [./src/hotspot/share/interpreter/linkResolver.cpp, line 839]
Event: 12.069 Thread 0x000002aea2443800 Exception <a 'java/lang/NoSuchMethodError'{0x00000000aff43058}: 'void java.lang.invoke.DirectMethodHandle$Holder.invokeSpecial(java.lang.Object, java.lang.Object)'> (0x00000000aff43058) thrown at [./src/hotspot/share/interpreter/linkResolver.cpp, line 773]

Events (20 events):
Event: 12.069 loading class org/gradle/internal/service/scopes/BuildScopeServices done
Event: 12.070 loading class org/gradle/groovy/scripts/internal/ScriptCompilationHandler
Event: 12.070 loading class org/gradle/groovy/scripts/internal/ScriptCompilationHandler done
Event: 12.070 loading class org/gradle/api/internal/project/taskfactory/ITaskFactory
Event: 12.070 loading class org/gradle/api/internal/project/taskfactory/ITaskFactory done
Event: 12.132 loading class org/gradle/internal/actor/ActorFactory
Event: 12.132 loading class org/gradle/internal/actor/ActorFactory done
Event: 12.133 loading class org/gradle/initialization/BuildLoader
Event: 12.133 loading class org/gradle/initialization/BuildLoader done
Event: 12.133 loading class org/gradle/api/internal/provider/ConfigurationTimeBarrier
Event: 12.133 loading class org/gradle/api/internal/provider/ConfigurationTimeBarrier done
Event: 12.134 loading class org/gradle/configuration/ScriptPluginFactory
Event: 12.134 loading class org/gradle/configuration/ScriptPluginFactory done
Event: 12.134 loading class org/gradle/initialization/ProjectAccessListener
Event: 12.134 loading class org/gradle/initialization/ProjectAccessListener done
Event: 12.135 loading class org/gradle/initialization/ProjectDescriptorRegistry
Event: 12.135 loading class org/gradle/initialization/ProjectDescriptorRegistry done
Event: 12.135 loading class org/gradle/api/internal/project/ProjectRegistry
Event: 12.135 loading class org/gradle/api/internal/project/ProjectRegistry done
Event: 12.269 Executing VM operation: CGC_Operation


Dynamic libraries:
0x00007ff667c30000 - 0x00007ff667c3a000 	C:\Program Files\Android\Android Studio1\jre\bin\java.exe
0x00007ffb1ad90000 - 0x00007ffb1af85000 	C:\WINDOWS\SYSTEM32\ntdll.dll
0x00007ffb19e20000 - 0x00007ffb19ede000 	C:\WINDOWS\System32\KERNEL32.DLL
0x00007ffb186c0000 - 0x00007ffb18989000 	C:\WINDOWS\System32\KERNELBASE.dll
0x00007ffb185c0000 - 0x00007ffb186c0000 	C:\WINDOWS\System32\ucrtbase.dll
0x00007ffb10d10000 - 0x00007ffb10d27000 	C:\Program Files\Android\Android Studio1\jre\bin\VCRUNTIME140.dll
0x00007ffafe180000 - 0x00007ffafe199000 	C:\Program Files\Android\Android Studio1\jre\bin\jli.dll
0x00007ffb196c0000 - 0x00007ffb19861000 	C:\WINDOWS\System32\USER32.dll
0x00007ffb18db0000 - 0x00007ffb18dd2000 	C:\WINDOWS\System32\win32u.dll
0x00007ffb17150000 - 0x00007ffb173ea000 	C:\WINDOWS\WinSxS\amd64_microsoft.windows.common-controls_6595b64144ccf1df_6.0.19041.1110_none_60b5254171f9507e\COMCTL32.dll
0x00007ffb1ad20000 - 0x00007ffb1ad4b000 	C:\WINDOWS\System32\GDI32.dll
0x00007ffb18fd0000 - 0x00007ffb1906e000 	C:\WINDOWS\System32\msvcrt.dll
0x00007ffb184b0000 - 0x00007ffb185bb000 	C:\WINDOWS\System32\gdi32full.dll
0x00007ffb18c60000 - 0x00007ffb18cfd000 	C:\WINDOWS\System32\msvcp_win.dll
0x00007ffb19f90000 - 0x00007ffb19fc0000 	C:\WINDOWS\System32\IMM32.DLL
0x00007ffac7930000 - 0x00007ffac79cd000 	C:\Program Files\Android\Android Studio1\jre\bin\msvcp140.dll
0x00007ffac6d60000 - 0x00007ffac782f000 	C:\Program Files\Android\Android Studio1\jre\bin\server\jvm.dll
0x00007ffb19ee0000 - 0x00007ffb19f8c000 	C:\WINDOWS\System32\ADVAPI32.dll
0x00007ffb19cb0000 - 0x00007ffb19d4b000 	C:\WINDOWS\System32\sechost.dll
0x00007ffb18de0000 - 0x00007ffb18f0a000 	C:\WINDOWS\System32\RPCRT4.dll
0x00007ffb19b90000 - 0x00007ffb19b98000 	C:\WINDOWS\System32\PSAPI.DLL
0x00007ffafa760000 - 0x00007ffafa769000 	C:\WINDOWS\SYSTEM32\WSOCK32.dll
0x00007ffb15510000 - 0x00007ffb15537000 	C:\WINDOWS\SYSTEM32\WINMM.dll
0x00007ffb19a70000 - 0x00007ffb19adb000 	C:\WINDOWS\System32\WS2_32.dll
0x00007ffb114c0000 - 0x00007ffb114ca000 	C:\WINDOWS\SYSTEM32\VERSION.dll
0x00007ffb15df0000 - 0x00007ffb15e02000 	C:\WINDOWS\SYSTEM32\kernel.appcore.dll
0x00007ffafa720000 - 0x00007ffafa731000 	C:\Program Files\Android\Android Studio1\jre\bin\verify.dll
0x00007ffb17ed0000 - 0x00007ffb180b4000 	C:\WINDOWS\SYSTEM32\DBGHELP.DLL
0x00007ffb17c80000 - 0x00007ffb17cac000 	C:\WINDOWS\SYSTEM32\dbgcore.DLL
0x00007ffb18bd0000 - 0x00007ffb18c53000 	C:\WINDOWS\System32\bcryptPrimitives.dll
0x00007ffad13c0000 - 0x00007ffad13e9000 	C:\Program Files\Android\Android Studio1\jre\bin\java.dll
0x00007ffaf4050000 - 0x00007ffaf405b000 	C:\Program Files\Android\Android Studio1\jre\bin\jimage.dll
0x00007ffaf3450000 - 0x00007ffaf3468000 	C:\Program Files\Android\Android Studio1\jre\bin\zip.dll
0x00007ffb1a450000 - 0x00007ffb1ab8f000 	C:\WINDOWS\System32\SHELL32.dll
0x00007ffb15f60000 - 0x00007ffb166f0000 	C:\WINDOWS\SYSTEM32\windows.storage.dll
0x00007ffb19360000 - 0x00007ffb196b5000 	C:\WINDOWS\System32\combase.dll
0x00007ffb17ab0000 - 0x00007ffb17adc000 	C:\WINDOWS\SYSTEM32\Wldp.dll
0x00007ffb199a0000 - 0x00007ffb19a4e000 	C:\WINDOWS\System32\SHCORE.dll
0x00007ffb1acc0000 - 0x00007ffb1ad15000 	C:\WINDOWS\System32\shlwapi.dll
0x00007ffb183f0000 - 0x00007ffb1840f000 	C:\WINDOWS\SYSTEM32\profapi.dll
0x00007ffad13a0000 - 0x00007ffad13ba000 	C:\Program Files\Android\Android Studio1\jre\bin\net.dll
0x00007ffb0c3e0000 - 0x00007ffb0c4e8000 	C:\WINDOWS\SYSTEM32\WINHTTP.dll
0x00007ffb17830000 - 0x00007ffb1789a000 	C:\WINDOWS\system32\mswsock.dll
0x00007ffad1380000 - 0x00007ffad1394000 	C:\Program Files\Android\Android Studio1\jre\bin\nio.dll
0x00007ffaf4280000 - 0x00007ffaf42a6000 	C:\Users\Interface\.gradle\native\fdc75f09e3144964f2cf3f50f0aa648679c211496f362492102eb8c894070792\windows-amd64\native-platform.dll
0x00007ffac12a0000 - 0x00007ffac1431000 	C:\Users\Interface\.gradle\native\12488b8bf47d2d4c9fbf2f6322a914ad602e24e48041cd04a747c6da556b65c4\windows-amd64\native-platform-file-events.dll
0x00007ffaf3cc0000 - 0x00007ffaf3cca000 	C:\Program Files\Android\Android Studio1\jre\bin\management.dll
0x00007ffaf2820000 - 0x00007ffaf282c000 	C:\Program Files\Android\Android Studio1\jre\bin\management_ext.dll
0x00007ffb18230000 - 0x00007ffb18248000 	C:\WINDOWS\SYSTEM32\CRYPTSP.dll
0x00007ffb16f10000 - 0x00007ffb16f44000 	C:\WINDOWS\system32\rsaenh.dll
0x00007ffb189f0000 - 0x00007ffb18a17000 	C:\WINDOWS\System32\bcrypt.dll
0x00007ffb183b0000 - 0x00007ffb183de000 	C:\WINDOWS\SYSTEM32\USERENV.dll
0x00007ffb17a20000 - 0x00007ffb17a2c000 	C:\WINDOWS\SYSTEM32\CRYPTBASE.dll
0x00007ffb17520000 - 0x00007ffb1755b000 	C:\WINDOWS\SYSTEM32\IPHLPAPI.DLL
0x00007ffb1acb0000 - 0x00007ffb1acb8000 	C:\WINDOWS\System32\NSI.dll
0x00007ffb0dfc0000 - 0x00007ffb0dfd7000 	C:\WINDOWS\SYSTEM32\dhcpcsvc6.DLL
0x00007ffb0e090000 - 0x00007ffb0e0ad000 	C:\WINDOWS\SYSTEM32\dhcpcsvc.DLL
0x00007ffb17560000 - 0x00007ffb1762c000 	C:\WINDOWS\SYSTEM32\DNSAPI.dll
0x00007ffb0e120000 - 0x00007ffb0e12b000 	C:\WINDOWS\SYSTEM32\WINNSI.DLL

dbghelp: loaded successfully - version: 4.0.5 - missing functions: none
symbol engine: initialized successfully - sym options: 0x614 - pdb path: .;C:\Program Files\Android\Android Studio1\jre\bin;C:\WINDOWS\SYSTEM32;C:\WINDOWS\WinSxS\amd64_microsoft.windows.common-controls_6595b64144ccf1df_6.0.19041.1110_none_60b5254171f9507e;C:\Program Files\Android\Android Studio1\jre\bin\server;C:\Users\Interface\.gradle\native\fdc75f09e3144964f2cf3f50f0aa648679c211496f362492102eb8c894070792\windows-amd64;C:\Users\Interface\.gradle\native\12488b8bf47d2d4c9fbf2f6322a914ad602e24e48041cd04a747c6da556b65c4\windows-amd64

VM Arguments:
jvm_args: --add-opens=java.base/java.util=ALL-UNNAMED --add-opens=java.base/java.lang=ALL-UNNAMED --add-opens=java.base/java.lang.invoke=ALL-UNNAMED --add-opens=java.prefs/java.util.prefs=ALL-UNNAMED -Xmx1536M -Dfile.encoding=windows-1252 -Duser.country=US -Duser.language=en -Duser.variant 
java_command: org.gradle.launcher.daemon.bootstrap.GradleDaemon 6.7
java_class_path (initial): C:\Users\Interface\.gradle\wrapper\dists\gradle-6.7-all\cuy9mc7upwgwgeb72wkcrupxe\gradle-6.7\lib\gradle-launcher-6.7.jar
Launcher Type: SUN_STANDARD

[Global flags]
     intx CICompilerCount                          = 4                                         {product} {ergonomic}
     uint ConcGCThreads                            = 2                                         {product} {ergonomic}
     uint G1ConcRefinementThreads                  = 8                                         {product} {ergonomic}
   size_t G1HeapRegionSize                         = 1048576                                   {product} {ergonomic}
    uintx GCDrainStackTargetSize                   = 64                                        {product} {ergonomic}
   size_t InitialHeapSize                          = 268435456                                 {product} {ergonomic}
   size_t MarkStackSize                            = 4194304                                   {product} {ergonomic}
   size_t MaxHeapSize                              = 1610612736                                {product} {command line}
   size_t MaxNewSize                               = 965738496                                 {product} {ergonomic}
   size_t MinHeapDeltaBytes                        = 1048576                                   {product} {ergonomic}
    uintx NonNMethodCodeHeapSize                   = 5836300                                {pd product} {ergonomic}
    uintx NonProfiledCodeHeapSize                  = 122910970                              {pd product} {ergonomic}
    uintx ProfiledCodeHeapSize                     = 122910970                              {pd product} {ergonomic}
    uintx ReservedCodeCacheSize                    = 251658240                              {pd product} {ergonomic}
     bool SegmentedCodeCache                       = true                                      {product} {ergonomic}
     bool UseCompressedClassPointers               = true                                 {lp64_product} {ergonomic}
     bool UseCompressedOops                        = true                                 {lp64_product} {ergonomic}
     bool UseG1GC                                  = true                                      {product} {ergonomic}
     bool UseLargePagesIndividualAllocation        = false                                  {pd product} {ergonomic}

Logging:
Log output configuration:
 #0: stdout all=warning uptime,level,tags
 #1: stderr all=off uptime,level,tags

Environment Variables:
JAVA_HOME=C:\Program Files\Android\Android Studio1\jre
CLASSPATH=C:\Users\Interface\AndroidStudioProjects\myapp2\android\\gradle\wrapper\gradle-wrapper.jar
PATH=C:\Program Files (x86)\Common Files\Oracle\Java\javapath;C:\WINDOWS\system32;C:\WINDOWS;C:\WINDOWS\System32\Wbem;C:\WINDOWS\System32\WindowsPowerShell\v1.0\;C:\WINDOWS\System32\OpenSSH\;C:\Program Files\Dart\dart-sdk\bin;C:\src\flutter\bin;C:\Users\Interface\AppData\Local\Microsoft\WindowsApps;C:\Program Files\Dart\dart-sdk\bin;;C:\src\flutter\bin\mingit\cmd
USERNAME=Interface
OS=Windows_NT
PROCESSOR_IDENTIFIER=Intel64 Family 6 Model 142 Stepping 12, GenuineIntel



---------------  S Y S T E M  ---------------

OS: Windows 10 , 64 bit Build 19041 (10.0.19041.1202)
OS uptime: 0 days 0:27 hours

CPU:total 8 (initial active 8) (4 cores per cpu, 2 threads per core) family 6 model 142 stepping 12 microcode 0xb8, cmov, cx8, fxsr, mmx, sse, sse2, sse3, ssse3, sse4.1, sse4.2, popcnt, avx, avx2, aes, clmul, erms, 3dnowpref, lzcnt, ht, tsc, tscinvbit, bmi1, bmi2, adx, fma

Memory: 4k page, system-wide physical 16256M (1042M free)
TotalPageFile size 34836M (AvailPageFile size 0M)
current process WorkingSet (physical memory assigned to process): 194M, peak: 194M
current process commit charge ("private bytes"): 385M, peak: 401M

vm_info: OpenJDK 64-Bit Server VM (11.0.10+0-b96-7249189) for windows-amd64 JRE (11.0.10+0-b96-7249189), built on Mar 31 2021 21:44:00 by "builder" with MS VC++ 14.0 (VS2015)

END.
